Given the following C++ program and its build error message, fix the code to achieve the original functionality.

If a function is missing, fix it by including the related libraries.

If the error contains "undefined reference to", this means one or more of the header <code>#include</code> directives need to be wrapped with <code>extern "C" {}</code> for the object linking to succeed. You must fix this by rewriting the relevant <code>#include</code> and wrapping it with <code>extern "C" {}</code>.

Below is the code needs to be built:
<code>
 #include <stdint.h>
#include "guetzli/jpeg_data.h"
#include "guetzli/jpeg_data_reader.h"
#include "guetzli/processor.h"

extern "C" int LLVMFuzzerTestOneInput(const uint8_t *data, size_t size) {
  std::string jpeg_data(reinterpret_cast<const char*>(data), size);

  // Ignore large images, to prevent timeouts.
  guetzli::JPEGData jpg_header;
  if (!guetzli::ReadJpeg(data, size, guetzli::JPEG_READ_HEADER, &jpg_header)) {
    return 0;
  }
  static constexpr int kMaxPixels = 10000;
  if (static_cast<int64_t>(jpg_header.width) * jpg_header.height > kMaxPixels) {
    return 0;
  }

  // TODO(robryk): Use nondefault parameters.
  guetzli::Params params;
  std::string jpeg_out;
  (void)guetzli::Process(params, nullptr, jpeg_data, &jpeg_out);
  // TODO(robryk): Verify output distance if Process() succeeded.

  // Read the JPEG data.
  guetzli::JPEGData jpg;
  if (!guetzli::ReadJpeg(jpeg_out, guetzli::JPEG_READ_ALL, &jpg)) {
    return 0;
  }

  // Build the Huffman codes.
  std::vector<guetzli::HuffmanCode> dc_codes;
  std::vector<guetzli::HuffmanCode> ac_codes;
  guetzli::BuildSequentialHuffmanCodes(&jpg, &dc_codes, &ac_codes);

  return 0;
}
</code>

The code has the following build issues:
<error>
fuzz_target.cc:32:24: error: no member named 'HuffmanCode' in namespace 'guetzli'
  std::vector<guetzli::HuffmanCode> dc_codes;
              ~~~~~~~~~^
fuzz_target.cc:33:24: error: no member named 'HuffmanCode' in namespace 'guetzli'
  std::vector<guetzli::HuffmanCode> ac_codes;
              ~~~~~~~~~^
fuzz_target.cc:34:12: error: no member named 'BuildSequentialHuffmanCodes' in namespace 'guetzli'
  guetzli::BuildSequentialHuffmanCodes(&jpg, &dc_codes, &ac_codes);
  ~~~~~~~~~^
3 errors generated.
</error>

Fix code:
1. Consider the possible solution for the issues listed above.
2. Apply the solutions to the original code.
It's important to show the complete code, not only the fixed line.
<solution>
