Given the following C++ program and its build error message, fix the code to achieve the original functionality.

If a function is missing, fix it by including the related libraries.

If the error contains "undefined reference to", this means one or more of the header <code>#include</code> directives need to be wrapped with <code>extern "C" {}</code> for the object linking to succeed. You must fix this by rewriting the relevant <code>#include</code> and wrapping it with <code>extern "C" {}</code>.

Below is the code needs to be built:
<code>
 #include <stddef.h>

#include "ares.h"

// Entrypoint for Clang's libfuzzer
int LLVMFuzzerTestOneInput(const unsigned char *data,
                           unsigned long size) {
  // Feed the data into each of the ares_parse_*_reply functions.
  struct ares_channeldata channel;
  struct sockaddr_in addr;
  int len = sizeof(addr);
  func_type callback = NULL;
  ares_getnameinfo_int(&channel, (struct sockaddr*)&addr, len, AF_INET,
                       callback, NULL);

  return 0;
}
</code>

The code has the following build issues:
<error>
/src/c-ares/test/ares-test-fuzz-name.c:9:27: error: variable has incomplete type 'struct ares_channeldata'
  struct ares_channeldata channel;
                          ^
include/ares.h:342:8: note: forward declaration of 'struct ares_channeldata'
struct ares_channeldata;
       ^
/src/c-ares/test/ares-test-fuzz-name.c:12:3: error: use of undeclared identifier 'func_type'
  func_type callback = NULL;
  ^
/src/c-ares/test/ares-test-fuzz-name.c:14:24: error: use of undeclared identifier 'callback'
                       callback, NULL);
                       ^
3 errors generated.

Fix failure
/src/c-ares/test/ares-test-fuzz-name.cpp:9:27: error: variable has incomplete type 'struct ares_channeldata'
  struct ares_channeldata channel;
                          ^
include/ares.h:342:8: note: forward declaration of 'ares_channeldata'
struct ares_channeldata;
       ^
/src/c-ares/test/ares-test-fuzz-name.cpp:12:3: error: unknown type name 'func_type'
  func_type callback = NULL;
  ^
2 errors generated.
</error>

Fix code:
1. Consider the possible solution for the issues listed above.
2. Apply the solutions to the original code.
It's important to show the complete code, not only the fixed line.
<solution>
