Given the following C++ program and its build error message, fix the code to achieve the original functionality.

If a function is missing, fix it by including the related libraries.

If the error contains "undefined reference to", this means one or more of the header <code>#include</code> directives need to be wrapped with <code>extern "C" {}</code> for the object linking to succeed. You must fix this by rewriting the relevant <code>#include</code> and wrapping it with <code>extern "C" {}</code>.

Below is the code needs to be built:
<code>
 #include <stddef.h>

#include "ares.h"

// Entrypoint for Clang's libfuzzer
int LLVMFuzzerTestOneInput(const unsigned char *data,
                           unsigned long size) {
  // Feed the data into ares_getaddrinfo_int
  struct ares_channeldata channel;
  char *node = NULL;
  char *service = NULL;
  struct ares_addrinfo_hints hints;
  func_type callback = NULL;
  char *arg = NULL;

  ares_getaddrinfo_int(&channel, node, service, &hints, callback, arg);

  return 0;
}
</code>

The code has the following build issues:
<error>
/src/c-ares/test/ares-test-fuzz-name.c:9:27: error: variable has incomplete type 'struct ares_channeldata'
  struct ares_channeldata channel;
                          ^
include/ares.h:342:8: note: forward declaration of 'struct ares_channeldata'
struct ares_channeldata;
       ^
/src/c-ares/test/ares-test-fuzz-name.c:13:3: error: use of undeclared identifier 'func_type'
  func_type callback = NULL;
  ^
/src/c-ares/test/ares-test-fuzz-name.c:16:57: error: use of undeclared identifier 'callback'
  ares_getaddrinfo_int(&channel, node, service, &hints, callback, arg);
                                                        ^
3 errors generated.

Fix failure
/src/c-ares/test/ares-test-fuzz-name.cpp:9:27: error: variable has incomplete type 'struct ares_channeldata'
  struct ares_channeldata channel;
                          ^
include/ares.h:342:8: note: forward declaration of 'ares_channeldata'
struct ares_channeldata;
       ^
/src/c-ares/test/ares-test-fuzz-name.cpp:13:3: error: unknown type name 'func_type'
  func_type callback = NULL;
  ^
2 errors generated.
</error>

Fix code:
1. Consider the possible solution for the issues listed above.
2. Apply the solutions to the original code.
It's important to show the complete code, not only the fixed line.
<solution>
