Given the following C++ program and its build error message, fix the code to achieve the original functionality.

If a function is missing, fix it by including the related libraries.

If the error contains "undefined reference to", this means one or more of the header <code>#include</code> directives need to be wrapped with <code>extern "C" {}</code> for the object linking to succeed. You must fix this by rewriting the relevant <code>#include</code> and wrapping it with <code>extern "C" {}</code>.

Below is the code needs to be built:
<code>
#include <stddef.h>
#include <stdint.h>
#include <stdlib.h>
#include <string.h>

#include "alembic/lib/Alembic/AbcCoreOgawa/All.h"
#include "fuzzer_temp_file.h"

using Alembic::AbcCoreAbstract::DataType;
using Alembic::AbcCoreAbstract::ReadArraySampleID;
using Alembic::AbcCoreOgawa::ReadData;

extern "C" int LLVMFuzzerTestOneInput(const uint8_t *data, size_t size) {
  FuzzerTemporaryFile tempFile(data, size);
  Alembic::AbcCoreOgawa::ReadData readData(tempFile.filename());

  std::shared_ptr<std::vector<size_t>> iDims;
  std::shared_ptr<std::vector<uint8_t>> iData;
  DataType dataType;
  std::shared_ptr<std::vector<uint8_t>> iData2;

  ReadArraySampleID(iDims, iData, 0);

  return 0;
}
</code>

The code has the following build issues:
<error>
/src/alembic_dump_info_fuzzer.cc:11:30: error: no member named 'ReadData' in namespace 'Alembic::AbcCoreOgawa'
using Alembic::AbcCoreOgawa::ReadData;
      ~~~~~~~~~~~~~~~~~~~~~~~^
/src/alembic_dump_info_fuzzer.cc:15:34: error: expected ';' after expression
  Alembic::AbcCoreOgawa::ReadData readData(tempFile.filename());
                                 ^
                                 ;
/src/alembic_dump_info_fuzzer.cc:15:26: error: no member named 'ReadData' in namespace 'Alembic::AbcCoreOgawa'
  Alembic::AbcCoreOgawa::ReadData readData(tempFile.filename());
  ~~~~~~~~~~~~~~~~~~~~~~~^
/src/alembic_dump_info_fuzzer.cc:15:35: error: use of undeclared identifier 'readData'
  Alembic::AbcCoreOgawa::ReadData readData(tempFile.filename());
                                  ^
/src/alembic_dump_info_fuzzer.cc:22:3: error: no matching constructor for initialization of 'Alembic::AbcCoreAbstract::v12::ReadArraySampleID'
  ReadArraySampleID(iDims, iData, 0);
  ^                 ~~~~~~~~~~~~~~~
/src/alembic/lib/Alembic/AbcCoreAbstract/ReadArraySampleCache.h:63:5: note: candidate constructor not viable: requires 2 arguments, but 3 were provided
    ReadArraySampleID( const ArraySample::Key &iSampleKey,
    ^
/src/alembic/lib/Alembic/AbcCoreAbstract/ReadArraySampleCache.h:51:7: note: candidate constructor (the implicit copy constructor) not viable: requires 1 argument, but 3 were provided
class ReadArraySampleID
      ^
/src/alembic/lib/Alembic/AbcCoreAbstract/ReadArraySampleCache.h:51:7: note: candidate constructor (the implicit move constructor) not viable: requires 1 argument, but 3 were provided
/src/alembic/lib/Alembic/AbcCoreAbstract/ReadArraySampleCache.h:60:5: note: candidate constructor not viable: requires 0 arguments, but 3 were provided
    ReadArraySampleID() {}
    ^
5 errors generated.
</error>

Fix code:
1. Consider the possible solution for the issues listed above.
2. Apply the solutions to the original code.
It's important to show the complete code, not only the fixed line.
<solution>
