Given the following C++ program and its build error message, fix the code to achieve the original functionality.

If a function is missing, fix it by including the related libraries.

If the error contains "undefined reference to", this means one or more of the header <code>#include</code> directives need to be wrapped with <code>extern "C" {}</code> for the object linking to succeed. You must fix this by rewriting the relevant <code>#include</code> and wrapping it with <code>extern "C" {}</code>.

Below is the code needs to be built:
<code>
#include <stddef.h>

#include "ares.h"

// Entrypoint for Clang's libfuzzer
extern "C" int LLVMFuzzerTestOneInput(const unsigned char *data,
                           unsigned long size) {
  // Feed the data into each of the ares_parse_*_reply functions.
  ares_addrttl_callback callback = addr_callback;
  ares_parse_a_reply(data, size, NULL, NULL, NULL, &callback);
  ares_parse_aaaa_reply(data, size, NULL, NULL, NULL, &callback);
  ares_parse_ns_reply(data, size, NULL, &callback);
  ares_parse_srv_reply(data, size, NULL, &callback);
  ares_parse_mx_reply(data, size, NULL, &callback);
  ares_parse_txt_reply(data, size, NULL, &callback);
  ares_parse_soa_reply(data, size, NULL, &callback);
  ares_parse_naptr_reply(data, size, NULL, &callback);
  ares_parse_caa_reply(data, size, NULL, &callback);
  ares_parse_uri_reply(data, size, NULL, &callback);

  return 0;
}

void addr_callback(void *arg, int status, int timeouts,
                  struct hostent *host) {
  return;
}
</code>

The code has the following build issues:
<error>
/src/c-ares/test/ares-test-fuzz-name.c:6:8: error: expected identifier or '('
extern "C" int LLVMFuzzerTestOneInput(const unsigned char *data,
       ^
1 error generated.

Fix failure
/src/c-ares/test/ares-test-fuzz-name.cpp:9:3: error: unknown type name 'ares_addrttl_callback'; did you mean 'ares_addrinfo_callback'?
  ares_addrttl_callback callback = addr_callback;
  ^~~~~~~~~~~~~~~~~~~~~
  ares_addrinfo_callback
include/ares.h:368:20: note: 'ares_addrinfo_callback' declared here
typedef void     (*ares_addrinfo_callback)(void *arg, int status, int timeouts,
                   ^
/src/c-ares/test/ares-test-fuzz-name.cpp:9:36: error: use of undeclared identifier 'addr_callback'
  ares_addrttl_callback callback = addr_callback;
                                   ^
/src/c-ares/test/ares-test-fuzz-name.cpp:10:3: error: no matching function for call to 'ares_parse_a_reply'
  ares_parse_a_reply(data, size, NULL, NULL, NULL, &callback);
  ^~~~~~~~~~~~~~~~~~
include/ares.h:675:19: note: candidate function not viable: requires 5 arguments, but 6 were provided
CARES_EXTERN int  ares_parse_a_reply(const unsigned char *abuf, int alen,
                  ^
/src/c-ares/test/ares-test-fuzz-name.cpp:11:3: error: no matching function for call to 'ares_parse_aaaa_reply'
  ares_parse_aaaa_reply(data, size, NULL, NULL, NULL, &callback);
  ^~~~~~~~~~~~~~~~~~~~~
include/ares.h:680:19: note: candidate function not viable: requires 5 arguments, but 6 were provided
CARES_EXTERN int  ares_parse_aaaa_reply(const unsigned char *abuf, int alen,
                  ^
/src/c-ares/test/ares-test-fuzz-name.cpp:12:3: error: no matching function for call to 'ares_parse_ns_reply'
  ares_parse_ns_reply(data, size, NULL, &callback);
  ^~~~~~~~~~~~~~~~~~~
include/ares.h:692:19: note: candidate function not viable: requires 3 arguments, but 4 were provided
CARES_EXTERN int  ares_parse_ns_reply(const unsigned char *abuf, int alen,
                  ^
/src/c-ares/test/ares-test-fuzz-name.cpp:13:3: error: no matching function for call to 'ares_parse_srv_reply'
  ares_parse_srv_reply(data, size, NULL, &callback);
  ^~~~~~~~~~~~~~~~~~~~
include/ares.h:695:19: note: candidate function not viable: requires 3 arguments, but 4 were provided
CARES_EXTERN int  ares_parse_srv_reply(const unsigned char *abuf, int alen,
                  ^
/src/c-ares/test/ares-test-fuzz-name.cpp:14:3: error: no matching function for call to 'ares_parse_mx_reply'
  ares_parse_mx_reply(data, size, NULL, &callback);
  ^~~~~~~~~~~~~~~~~~~
include/ares.h:698:19: note: candidate function not viable: requires 3 arguments, but 4 were provided
CARES_EXTERN int  ares_parse_mx_reply(const unsigned char *abuf, int alen,
                  ^
/src/c-ares/test/ares-test-fuzz-name.cpp:15:3: error: no matching function for call to 'ares_parse_txt_reply'
  ares_parse_txt_reply(data, size, NULL, &callback);
  ^~~~~~~~~~~~~~~~~~~~
include/ares.h:701:19: note: candidate function not viable: requires 3 arguments, but 4 were provided
CARES_EXTERN int  ares_parse_txt_reply(const unsigned char *abuf, int alen,
                  ^
/src/c-ares/test/ares-test-fuzz-name.cpp:16:3: error: no matching function for call to 'ares_parse_soa_reply'
  ares_parse_soa_reply(data, size, NULL, &callback);
  ^~~~~~~~~~~~~~~~~~~~
include/ares.h:710:19: note: candidate function not viable: requires 3 arguments, but 4 were provided
CARES_EXTERN int  ares_parse_soa_reply(const unsigned char *abuf, int alen,
                  ^
/src/c-ares/test/ares-test-fuzz-name.cpp:17:3: error: no matching function for call to 'ares_parse_naptr_reply'
  ares_parse_naptr_reply(data, size, NULL, &callback);
  ^~~~~~~~~~~~~~~~~~~~~~
include/ares.h:707:19: note: candidate function not viable: requires 3 arguments, but 4 were provided
CARES_EXTERN int  ares_parse_naptr_reply(const unsigned char *abuf, int alen,
                  ^
/src/c-ares/test/ares-test-fuzz-name.cpp:18:3: error: no matching function for call to 'ares_parse_caa_reply'
  ares_parse_caa_reply(data, size, NULL, &callback);
  ^~~~~~~~~~~~~~~~~~~~
include/ares.h:685:19: note: candidate function not viable: requires 3 arguments, but 4 were provided
CARES_EXTERN int  ares_parse_caa_reply(const unsigned char *abuf, int alen,
                  ^
/src/c-ares/test/ares-test-fuzz-name.cpp:19:3: error: no matching function for call to 'ares_parse_uri_reply'
  ares_parse_uri_reply(data, size, NULL, &callback);
  ^~~~~~~~~~~~~~~~~~~~
include/ares.h:713:19: note: candidate function not viable: requires 3 arguments, but 4 were provided
CARES_EXTERN int  ares_parse_uri_reply(const unsigned char *abuf, int alen,
                  ^
12 errors generated.
</error>

Fix code:
1. Consider the possible solution for the issues listed above.
2. Apply the solutions to the original code.
It's important to show the complete code, not only the fixed line.
<solution>
