Given the following C++ program and its build error message, fix the code to achieve the original functionality.

If a function is missing, fix it by including the related libraries.

If the error contains "undefined reference to", this means one or more of the header <code>#include</code> directives need to be wrapped with <code>extern "C" {}</code> for the object linking to succeed. You must fix this by rewriting the relevant <code>#include</code> and wrapping it with <code>extern "C" {}</code>.

Below is the code needs to be built:
<code>
#include <fuzzer/FuzzedDataProvider.h>

#include <iostream>
#include <string>

#include "cctz/civil_time.h"
#include "cctz/time_zone.h"

extern "C" {
#include "cctz/time_zone.h"

int LLVMFuzzerTestOneInput(const uint8_t *data, size_t size) {
	FuzzedDataProvider fuzzed_data(data, size);

	cctz::time_zone lax;
	std::string tz = fuzzed_data.ConsumeRandomLengthString();
	if (load_time_zone(tz, &lax)) {
		std::chrono::system_clock::time_point tp;
		cctz::time_point<cctz::seconds> cctz_tp = cctz::convert(tp);
		cctz::time_zone::civil_transition trans;
		lax.prev_transition(&cctz_tp, &trans);
	}

	return 0;
}
}
</code>

The code has the following build issues:
<error>
./fuzz_cctz.cc:19:45: error: no matching function for call to 'convert'
                cctz::time_point<cctz::seconds> cctz_tp = cctz::convert(tp);
                                                          ^~~~~~~~~~~~~
../include/cctz/time_zone.h:246:21: note: candidate function template not viable: requires 2 arguments, but 1 was provided
inline civil_second convert(const time_point<D>& tp, const time_zone& tz) {
                    ^
../include/cctz/time_zone.h:255:28: note: candidate function not viable: requires 2 arguments, but 1 was provided
inline time_point<seconds> convert(const civil_second& cs,
                           ^
./fuzz_cctz.cc:21:7: error: no matching member function for call to 'prev_transition'
                lax.prev_transition(&cctz_tp, &trans);
                ~~~~^~~~~~~~~~~~~~~
../include/cctz/time_zone.h:190:8: note: candidate function not viable: no known conversion from 'cctz::time_point<cctz::seconds> *' (aka 'time_point<std::chrono::system_clock, std::chrono::duration<long>> *') to 'const time_point<cctz::seconds>' (aka 'const time_point<std::chrono::system_clock, std::chrono::duration<long>>') for 1st argument; remove &
  bool prev_transition(const time_point<seconds>& tp,
       ^
../include/cctz/time_zone.h:193:8: note: candidate template ignored: could not match 'time_point<D>' (aka 'time_point<std::chrono::system_clock, type-parameter-0-0>') against 'cctz::time_point<cctz::seconds> *' (aka 'time_point<std::chrono::system_clock, std::chrono::duration<long>> *')
  bool prev_transition(const time_point<D>& tp,
       ^
2 errors generated.
</error>

Fix code:
1. Consider the possible solution for the issues listed above.
2. Apply the solutions to the original code.
It's important to show the complete code, not only the fixed line.
<solution>
