Given the following C++ program and its build error message, fix the code to achieve the original functionality.

If a function is missing, fix it by including the related libraries.

If the error contains "undefined reference to", this means one or more of the header <code>#include</code> directives need to be wrapped with <code>extern "C" {}</code> for the object linking to succeed. You must fix this by rewriting the relevant <code>#include</code> and wrapping it with <code>extern "C" {}</code>.

Below is the code needs to be built:
<code>
#include <err.h>
#include <errno.h>
#include <fcntl.h>
#include <stddef.h>
#include <stdint.h>
#include <stdlib.h>
#include <string.h>
#include <unistd.h>

#include "alembic/lib/Alembic/AbcCoreOgawa/All.h"
#include "alembic/lib/Alembic/AbcCoreAbstract/All.h"

#include "fuzzer_temp_file.h"

using Alembic::AbcCoreAbstract::ArraySample;
using Alembic::AbcCoreAbstract::DataType;
using Alembic::AbcCoreAbstract::Dimensions;
using Alembic::AbcCoreAbstract::ReadArraySampleID;

extern "C" int LLVMFuzzerTestOneInput(const uint8_t *data, size_t size) {
  FuzzerTemporaryFile tempFile(data, size);

  std::shared_ptr<Dimensions> iDims;
  std::shared_ptr<ArraySample> iData;
  std::shared_ptr<DataType> iDataType;
  std::shared_ptr<ArraySample> oData;
  ReadArraySampleID(0);
  ReadArraySampleID::Read(0, &iDims, &iData, &iDataType, &oData);

  return 0;
}
</code>

The code has the following build issues:
<error>
/src/alembic_dump_info_fuzzer.cc:27:3: error: no matching conversion for functional-style cast from 'int' to 'Alembic::AbcCoreAbstract::v12::ReadArraySampleID'
  ReadArraySampleID(0);
  ^~~~~~~~~~~~~~~~~~~
/src/alembic/lib/Alembic/AbcCoreAbstract/ReadArraySampleCache.h:51:7: note: candidate constructor (the implicit copy constructor) not viable: no known conversion from 'int' to 'const Alembic::AbcCoreAbstract::v12::ReadArraySampleID' for 1st argument
class ReadArraySampleID
      ^
/src/alembic/lib/Alembic/AbcCoreAbstract/ReadArraySampleCache.h:51:7: note: candidate constructor (the implicit move constructor) not viable: no known conversion from 'int' to 'Alembic::AbcCoreAbstract::v12::ReadArraySampleID' for 1st argument
/src/alembic/lib/Alembic/AbcCoreAbstract/ReadArraySampleCache.h:60:5: note: candidate constructor not viable: requires 0 arguments, but 1 was provided
    ReadArraySampleID() {}
    ^
/src/alembic/lib/Alembic/AbcCoreAbstract/ReadArraySampleCache.h:63:5: note: candidate constructor not viable: requires 2 arguments, but 1 was provided
    ReadArraySampleID( const ArraySample::Key &iSampleKey,
    ^
/src/alembic_dump_info_fuzzer.cc:28:22: error: no member named 'Read' in 'Alembic::AbcCoreAbstract::v12::ReadArraySampleID'
  ReadArraySampleID::Read(0, &iDims, &iData, &iDataType, &oData);
  ~~~~~~~~~~~~~~~~~~~^
2 errors generated.
</error>

Fix code:
1. Consider the possible solution for the issues listed above.
2. Apply the solutions to the original code.
It's important to show the complete code, not only the fixed line.
<solution>
