Given the following C++ program and its build error message, fix the code to achieve the original functionality.

If a function is missing, fix it by including the related libraries.

If the error contains "undefined reference to", this means one or more of the header <code>#include</code> directives need to be wrapped with <code>extern "C" {}</code> for the object linking to succeed. You must fix this by rewriting the relevant <code>#include</code> and wrapping it with <code>extern "C" {}</code>.

Below is the code needs to be built:
<code>
#include <algorithm>
#include <cstddef>
#include <cstdint>
#include <cstdlib>
#include <string>
#include <vector>

#include "fuzzer/FuzzedDataProvider.h"
#include "zstd.h"

extern "C" int LLVMFuzzerTestOneInput(const uint8_t* data, size_t size) {
  FuzzedDataProvider stream(data, size);
  const size_t max_input_size = stream.ConsumeIntegral<size_t>();
  const size_t max_output_size = stream.ConsumeIntegral<size_t>();
  std::vector<uint8_t> input_buffer(max_input_size);
  stream.ConsumeBytes(input_buffer.data(), max_input_size);

  ZSTD_CCtx* cctx = ZSTD_createCCtx();
  if (cctx == nullptr) {
    return 0;
  }

  ZSTD_generateSequences(cctx, nullptr, 0, reinterpret_cast<char*>(input_buffer.data()), max_input_size);
  ZSTD_freeCCtx(cctx);
  return 0;
}
</code>

The code has the following build issues:
<error>
/src/c-blosc/tests/fuzz/fuzz_compress.c:1:10: fatal error: 'algorithm' file not found
#include <algorithm>
         ^~~~~~~~~~~
1 error generated.

Fix failure
/src/c-blosc/tests/fuzz/fuzz_compress.cpp:16:10: error: no matching member function for call to 'ConsumeBytes'
  stream.ConsumeBytes(input_buffer.data(), max_input_size);
  ~~~~~~~^~~~~~~~~~~~
/usr/local/lib/clang/15.0.0/include/fuzzer/FuzzedDataProvider.h:352:36: note: candidate template ignored: couldn't infer template argument 'T'
std::vector<T> FuzzedDataProvider::ConsumeBytes(size_t size, size_t num_bytes) {
                                   ^
/usr/local/lib/clang/15.0.0/include/fuzzer/FuzzedDataProvider.h:108:36: note: candidate function template not viable: requires single argument 'num_bytes', but 2 arguments were provided
std::vector<T> FuzzedDataProvider::ConsumeBytes(size_t num_bytes) {
                                   ^
/src/c-blosc/tests/fuzz/fuzz_compress.cpp:23:3: error: use of undeclared identifier 'ZSTD_generateSequences'
  ZSTD_generateSequences(cctx, nullptr, 0, reinterpret_cast<char*>(input_buffer.data()), max_input_size);
  ^
2 errors generated.
</error>

Fix code:
1. Consider the possible solution for the issues listed above.
2. Apply the solutions to the original code.
It's important to show the complete code, not only the fixed line.
<solution>
