---------------------------------------------------------------
Compiling libFuzzer to /usr/lib/libFuzzingEngine.a...  done.
---------------------------------------------------------------
CC=/usr/local/bin/clang-jcc
CXX=/usr/local/bin/clang++-jcc
CFLAGS=-O1 -fno-omit-frame-pointer -gline-tables-only -DFUZZING_BUILD_MODE_UNSAFE_FOR_PRODUCTION -fsanitize=address -fsanitize-address-use-after-scope -fsanitize=fuzzer-no-link
CXXFLAGS=-O1 -fno-omit-frame-pointer -gline-tables-only -DFUZZING_BUILD_MODE_UNSAFE_FOR_PRODUCTION -fsanitize=address -fsanitize-address-use-after-scope -fsanitize=fuzzer-no-link -stdlib=libc++
RUSTFLAGS=--cfg fuzzing -Zsanitizer=address -Cdebuginfo=1 -Cforce-frame-pointers
---------------------------------------------------------------
+ cp /src/exprtk_test_expressions.dict /workspace/out/libfuzzer-address-x86_64/
+ CXXFLAGS='-O1 -fno-omit-frame-pointer -gline-tables-only -DFUZZING_BUILD_MODE_UNSAFE_FOR_PRODUCTION -fsanitize=address -fsanitize-address-use-after-scope -fsanitize=fuzzer-no-link -stdlib=libc++ -O2 -fno-sanitize=integer-divide-by-zero,float-divide-by-zero'
+ /usr/local/bin/clang++-jcc -std=c++11 -O1 -fno-omit-frame-pointer -gline-tables-only -DFUZZING_BUILD_MODE_UNSAFE_FOR_PRODUCTION -fsanitize=address -fsanitize-address-use-after-scope -fsanitize=fuzzer-no-link -stdlib=libc++ -O2 -fno-sanitize=integer-divide-by-zero,float-divide-by-zero -I. -I/src/exprtk /src/exprtk_fuzzer.cpp -o /workspace/out/libfuzzer-address-x86_64/exprtk_fuzzer -fsanitize=fuzzer
/src/exprtk_fuzzer.cpp:123:27: error: 'expression_generator' is a private member of 'exprtk::parser<float>'
   exprtk::parser<float>::expression_generator<float>::operator()(nullptr, nullptr, false);
                          ^
./exprtk.hpp:27718:13: note: declared private here
      class expression_generator
            ^
/src/exprtk_fuzzer.cpp:123:56: error: call to non-static member function without an object argument
   exprtk::parser<float>::expression_generator<float>::operator()(nullptr, nullptr, false);
   ~~~~~~~~~~~~~~~~~~~~~~~~~~~~~~~~~~~~~~~~~~~~~~~~~~~~^~~~~~~~
2 errors generated.
