---------------------------------------------------------------
Compiling libFuzzer to /usr/lib/libFuzzingEngine.a...  done.
---------------------------------------------------------------
CC=/usr/local/bin/clang-jcc
CXX=/usr/local/bin/clang++-jcc
CFLAGS=-O1 -fno-omit-frame-pointer -gline-tables-only -DFUZZING_BUILD_MODE_UNSAFE_FOR_PRODUCTION -fsanitize=address -fsanitize-address-use-after-scope -fsanitize=fuzzer-no-link
CXXFLAGS=-O1 -fno-omit-frame-pointer -gline-tables-only -DFUZZING_BUILD_MODE_UNSAFE_FOR_PRODUCTION -fsanitize=address -fsanitize-address-use-after-scope -fsanitize=fuzzer-no-link -stdlib=libc++
RUSTFLAGS=--cfg fuzzing -Zsanitizer=address -Cdebuginfo=1 -Cforce-frame-pointers
---------------------------------------------------------------
+ cp /src/exprtk_test_expressions.dict /workspace/out/libfuzzer-address-x86_64/
+ CXXFLAGS='-O1 -fno-omit-frame-pointer -gline-tables-only -DFUZZING_BUILD_MODE_UNSAFE_FOR_PRODUCTION -fsanitize=address -fsanitize-address-use-after-scope -fsanitize=fuzzer-no-link -stdlib=libc++ -O2 -fno-sanitize=integer-divide-by-zero,float-divide-by-zero'
+ /usr/local/bin/clang++-jcc -std=c++11 -O1 -fno-omit-frame-pointer -gline-tables-only -DFUZZING_BUILD_MODE_UNSAFE_FOR_PRODUCTION -fsanitize=address -fsanitize-address-use-after-scope -fsanitize=fuzzer-no-link -stdlib=libc++ -O2 -fno-sanitize=integer-divide-by-zero,float-divide-by-zero -I. -I/src/exprtk /src/exprtk_fuzzer.cpp -o /workspace/out/libfuzzer-address-x86_64/exprtk_fuzzer -fsanitize=fuzzer
/src/exprtk_fuzzer.cpp:118:23: error: variable has incomplete type 'void'
void exprtk::details::expression_node * exprtk::parser<float>::expression_generator<float>::operator(exprtk::parser<float>::expression_generator * , int * , bool  )
                      ^
/src/exprtk_fuzzer.cpp:118:38: error: expected ';' after top level declarator
void exprtk::details::expression_node * exprtk::parser<float>::expression_generator<float>::operator(exprtk::parser<float>::expression_generator * , int * , bool  )
                                     ^
                                     ;
2 errors generated.
