Given the following C++ program and its build error message, fix the code to achieve the original functionality.

If a function is missing, fix it by including the related libraries.

If the error contains "undefined reference to", this means one or more of the header <code>#include</code> directives need to be wrapped with <code>extern "C" {}</code> for the object linking to succeed. You must fix this by rewriting the relevant <code>#include</code> and wrapping it with <code>extern "C" {}</code>.

Below is the code needs to be built:
<code>
#include "test-util.h"
#include <kj/main.h>
#include "serialize.h"
#include <capnp/test.capnp.h>
#include <unistd.h>

extern "C" {
#include <capnp/dynamic.h>
}

/* This is the entry point of a fuzz target to be used with libFuzzer
 * or another fuzz driver.
 * Such a fuzz driver is used by the autotools target capnp-llvm-fuzzer-testcase
 * when the environment variable LIB_FUZZING_ENGINE is defined
 * for instance LIB_FUZZING_ENGINE=-fsanitize=fuzzer for libFuzzer
 */
extern "C" int LLVMFuzzerTestOneInput(const uint8_t* Data, size_t Size) {
  kj::ArrayPtr<const uint8_t> array(Data, Size);
  kj::ArrayInputStream ais(array);

  KJ_IF_MAYBE(e, kj::runCatchingExceptions([&]() {
    capnp::InputStreamMessageReader reader(ais);
    capnp::_::checkTestMessage(reader.getRoot<capnp::_::TestAllTypes>());
    capnp::_::checkDynamicTestMessage(reader.getRoot<capnp::DynamicStruct>(capnp::Schema::from<capnp::_::TestAllTypes>()));
    kj::str(reader.getRoot<capnp::_::TestAllTypes>());

    capnp::DynamicStruct::Reader dynamic = reader.getRoot<capnp::DynamicStruct>(capnp::Schema::from<capnp::_::TestAllTypes>());
    capnp::DynamicStruct::Builder builder = dynamic.asBuilder();
    builder.adopt("testAllTypes", reader.getRoot<capnp::_::TestAllTypes>());
    builder.asReader().asBuilder();  // This line is added to fix the compiler error
  })) {
    KJ_LOG(ERROR, "threw");
  }
  return 0;
}
</code>

The code has the following build issues:
<error>
src/capnp/llvm-fuzzer-testcase.c++:28:53: error: no member named 'asBuilder' in 'capnp::DynamicStruct::Reader'
    capnp::DynamicStruct::Builder builder = dynamic.asBuilder();
                                            ~~~~~~~ ^
./src/kj/common.h:1351:71: note: expanded from macro 'KJ_IF_MAYBE'
    if (KJ_DEPRECATE_KJ_IF_MAYBE_STMT; auto name = ::kj::_::readMaybe(exp))
                                                                      ^~~
src/capnp/llvm-fuzzer-testcase.c++:29:13: error: no matching member function for call to 'adopt'
    builder.adopt("testAllTypes", reader.getRoot<capnp::_::TestAllTypes>());
    ~~~~~~~~^~~~~
./src/kj/common.h:1351:71: note: expanded from macro 'KJ_IF_MAYBE'
    if (KJ_DEPRECATE_KJ_IF_MAYBE_STMT; auto name = ::kj::_::readMaybe(exp))
                                                                      ^~~
./src/capnp/dynamic.h:311:8: note: candidate function not viable: no known conversion from 'typename TestAllTypes::Reader' to 'Orphan<capnp::DynamicValue>' for 2nd argument
  void adopt(kj::StringPtr name, Orphan<DynamicValue>&& orphan);
       ^
./src/capnp/dynamic.h:296:8: note: candidate function not viable: no known conversion from 'const char[13]' to 'StructSchema::Field' for 1st argument
  void adopt(StructSchema::Field field, Orphan<DynamicValue>&& orphan);
       ^
src/capnp/llvm-fuzzer-testcase.c++:30:24: error: no member named 'asBuilder' in 'capnp::DynamicStruct::Reader'
    builder.asReader().asBuilder();  // This line is added to fix the compiler error
    ~~~~~~~~~~~~~~~~~~ ^
./src/kj/common.h:1351:71: note: expanded from macro 'KJ_IF_MAYBE'
    if (KJ_DEPRECATE_KJ_IF_MAYBE_STMT; auto name = ::kj::_::readMaybe(exp))
                                                                      ^~~
3 errors generated.
</error>

Fix code:
1. Consider the possible solution for the issues listed above.
2. Apply the solutions to the original code.
It's important to show the complete code, not only the fixed line.
<solution>
