Given the following C++ program and its build error message, fix the code to achieve the original functionality.

If a function is missing, fix it by including the related libraries.

If the error contains "undefined reference to", this means one or more of the header <code>#include</code> directives need to be wrapped with <code>extern "C" {}</code> for the object linking to succeed. You must fix this by rewriting the relevant <code>#include</code> and wrapping it with <code>extern "C" {}</code>.

Below is the code needs to be built:
<code>
 #include "grpc_transcoding/message_reader.h"

#include "test_common.h"

#include <fuzzer/FuzzedDataProvider.h>
#include <cstddef>
#include <cstdint>
#include <string>

namespace google {
namespace grpc {
namespace transcoding {
namespace testing {
namespace {

extern "C" int LLVMFuzzerTestOneInput(const uint8_t* data, size_t size) {
  FuzzedDataProvider provider(data, size);

  JsonArrayTester tester;

  while (provider.remaining_bytes() > 0) {
    // Add a few chucks of data to the input stream.
    for (int i = 0; i < provider.ConsumeIntegralInRange(0, 5); i++) {
      tester.AddChunk(provider.ConsumeRandomLengthString(100));
    }

    // Run the message reader to get the next message.
    std::string error;
    bool closed = tester.TestClosed(&error);

    // Handle end of input or error due to malformed bytes.
    if (closed) {
      return 0;
    }
  }

  return 0;
}
}
}
}
}
}
</code>

The code has the following build issues:
<error>
test/message_reader_fuzz_test.cc:24:14: error: no member named 'AddChunk' in 'google::grpc::transcoding::testing::JsonArrayTester'
      tester.AddChunk(provider.ConsumeRandomLengthString(100));
      ~~~~~~ ^
test/message_reader_fuzz_test.cc:29:37: error: reference to type 'const std::string' (aka 'const basic_string<char, char_traits<char>, allocator<char>>') could not bind to an rvalue of type 'std::string *' (aka 'basic_string<char, char_traits<char>, allocator<char>> *')
    bool closed = tester.TestClosed(&error);
                                    ^~~~~~
test/test_common.h:142:38: note: passing argument to parameter 'actual' here
  bool TestClosed(const std::string& actual);
                                     ^
2 errors generated.
test/message_reader_fuzz_test.cc:24:14: error: no member named 'AddChunk' in 'google::grpc::transcoding::testing::JsonArrayTester'
      tester.AddChunk(provider.ConsumeRandomLengthString(100));
      ~~~~~~ ^
test/message_reader_fuzz_test.cc:29:37: error: reference to type 'const std::string' (aka 'const basic_string<char, char_traits<char>, allocator<char>>') could not bind to an rvalue of type 'std::string *' (aka 'basic_string<char, char_traits<char>, allocator<char>> *')
    bool closed = tester.TestClosed(&error);
                                    ^~~~~~
test/test_common.h:142:38: note: passing argument to parameter 'actual' here
  bool TestClosed(const std::string& actual);
                                     ^
2 errors generated.
</error>

Fix code:
1. Consider the possible solution for the issues listed above.
2. Apply the solutions to the original code.
It's important to show the complete code, not only the fixed line.
<solution>
