---------------------------------------------------------------
Compiling libFuzzer to /usr/lib/libFuzzingEngine.a...  done.
---------------------------------------------------------------
CC=/usr/local/bin/clang-jcc
CXX=/usr/local/bin/clang++-jcc
CFLAGS=-O1 -fno-omit-frame-pointer -gline-tables-only -DFUZZING_BUILD_MODE_UNSAFE_FOR_PRODUCTION -fsanitize=address -fsanitize-address-use-after-scope -fsanitize=fuzzer-no-link
CXXFLAGS=-O1 -fno-omit-frame-pointer -gline-tables-only -DFUZZING_BUILD_MODE_UNSAFE_FOR_PRODUCTION -fsanitize=address -fsanitize-address-use-after-scope -fsanitize=fuzzer-no-link -stdlib=libc++
RUSTFLAGS=--cfg fuzzing -Zsanitizer=address -Cdebuginfo=1 -Cforce-frame-pointers
---------------------------------------------------------------
+ mkdir build
+ cd build
+ cmake .. -GNinja -DCMAKE_BUILD_TYPE=Debug -DCMAKE_CXX_STANDARD=14 -DFMT_DOC=Off -DFMT_TEST=Off -DFMT_SAFE_DURATION_CAST=On -DFMT_FUZZ=On -DFMT_FUZZ_LINKMAIN=Off -DFMT_FUZZ_LDFLAGS=-fsanitize=fuzzer
-- CMake version: 3.24.2
-- The CXX compiler identification is Clang 15.0.0
-- Detecting CXX compiler ABI info
-- Detecting CXX compiler ABI info - done
-- Check for working CXX compiler: /usr/local/bin/clang++-jcc - skipped
-- Detecting CXX compile features
-- Detecting CXX compile features - done
-- Version: 10.2.2
-- Build type: Debug
-- Performing Test HAS_NULLPTR_WARNING
-- Performing Test HAS_NULLPTR_WARNING - Success
-- Configuring done
-- Generating done
-- Build files have been written to: /src/fmt/build
+ cmake --build .
[1/15] Building CXX object test/fuzzing/CMakeFiles/float-fuzzer.dir/float.cc.o
[2/15] Building CXX object CMakeFiles/fmt.dir/src/os.cc.o
[3/15] Building CXX object test/fuzzing/CMakeFiles/chrono-timepoint-fuzzer.dir/chrono-timepoint.cc.o
FAILED: test/fuzzing/CMakeFiles/chrono-timepoint-fuzzer.dir/chrono-timepoint.cc.o 
/usr/local/bin/clang++-jcc -DFMT_FUZZ -DFMT_SAFE_DURATION_CAST -I/src/fmt/include -O1 -fno-omit-frame-pointer -gline-tables-only -DFUZZING_BUILD_MODE_UNSAFE_FOR_PRODUCTION -fsanitize=address -fsanitize-address-use-after-scope -fsanitize=fuzzer-no-link -stdlib=libc++ -g -fvisibility=hidden -fvisibility-inlines-hidden -MD -MT test/fuzzing/CMakeFiles/chrono-timepoint-fuzzer.dir/chrono-timepoint.cc.o -MF test/fuzzing/CMakeFiles/chrono-timepoint-fuzzer.dir/chrono-timepoint.cc.o.d -o test/fuzzing/CMakeFiles/chrono-timepoint-fuzzer.dir/chrono-timepoint.cc.o -c /src/fmt/test/fuzzing/chrono-timepoint.cc
/src/fmt/test/fuzzing/chrono-timepoint.cc:28:3: error: no matching function for call to 'write'
  fmt::detail::write(f, text.data(), text.size());
  ^~~~~~~~~~~~~~~~~~
/src/fmt/include/fmt/format.h:1939:20: note: candidate function template not viable: no known conversion from 'size_t' (aka 'unsigned long') to 'const fmt::format_specs' for 3rd argument
FMT_CONSTEXPR auto write(OutputIt out, Char value, const format_specs& specs,
                   ^
/src/fmt/include/fmt/format.h:3604:22: note: candidate template ignored: couldn't infer template argument 'Char'
FMT_CONSTEXPR20 auto write(OutputIt out, T value, format_specs specs,
                     ^
/src/fmt/include/fmt/format.h:3645:6: note: candidate template ignored: couldn't infer template argument 'Char'
auto write(OutputIt out, monostate, format_specs = {}, locale_ref = {})
     ^
/src/fmt/include/fmt/format.h:3679:20: note: candidate template ignored: couldn't infer template argument 'Char'
FMT_CONSTEXPR auto write(OutputIt out, T value, const format_specs& specs = {},
                   ^
/src/fmt/include/fmt/format.h:3703:6: note: candidate template ignored: couldn't infer template argument 'Char'
auto write(OutputIt out, const T* value, const format_specs& specs = {},
     ^
/src/fmt/include/fmt/format.h:2296:20: note: candidate template ignored: could not match 'basic_string_view<Char>' against 'const char *'
FMT_CONSTEXPR auto write(OutputIt out, basic_string_view<Char> s,
                   ^
/src/fmt/include/fmt/format.h:2338:20: note: candidate function template not viable: requires 2 arguments, but 3 were provided
FMT_CONSTEXPR auto write(OutputIt out, T value) -> OutputIt {
                   ^
/src/fmt/include/fmt/format.h:3614:22: note: candidate function template not viable: requires 2 arguments, but 3 were provided
FMT_CONSTEXPR20 auto write(OutputIt out, T value) -> OutputIt {
                     ^
/src/fmt/include/fmt/format.h:3640:13: note: candidate function template not viable: requires 2 arguments, but 3 were provided
inline auto write(OutputIt out, T value) -> OutputIt {
            ^
/src/fmt/include/fmt/format.h:3652:20: note: candidate function template not viable: requires 2 arguments, but 3 were provided
FMT_CONSTEXPR auto write(OutputIt out, basic_string_view<Char> value)
                   ^
/src/fmt/include/fmt/format.h:3661:16: note: candidate function template not viable: requires 2 arguments, but 3 were provided
constexpr auto write(OutputIt out, const T& value) -> OutputIt {
               ^
/src/fmt/include/fmt/format.h:3673:20: note: candidate function template not viable: requires 2 arguments, but 3 were provided
FMT_CONSTEXPR auto write(OutputIt out, T value) -> OutputIt {
                   ^
/src/fmt/include/fmt/format.h:3688:20: note: candidate function template not viable: requires 2 arguments, but 3 were provided
FMT_CONSTEXPR auto write(OutputIt out, Char value) -> OutputIt {
                   ^
/src/fmt/include/fmt/format.h:3695:22: note: candidate function template not viable: requires 2 arguments, but 3 were provided
FMT_CONSTEXPR20 auto write(OutputIt out, const Char* value) -> OutputIt {
                     ^
/src/fmt/include/fmt/format.h:3711:20: note: candidate function template not viable: requires 2 arguments, but 3 were provided
FMT_CONSTEXPR auto write(OutputIt out, const T& value) -> enable_if_t<
                   ^
/src/fmt/include/fmt/format.h:3722:20: note: candidate function template not viable: requires 2 arguments, but 3 were provided
FMT_CONSTEXPR auto write(OutputIt out, const T& value)
                   ^
/src/fmt/include/fmt/format.h:2234:31: note: candidate function template not viable: requires 4 arguments, but 3 were provided
FMT_CONSTEXPR FMT_INLINE auto write(basic_appender<Char> out, T value,
                              ^
/src/fmt/include/fmt/format.h:2247:31: note: candidate function template not viable: requires 4 arguments, but 3 were provided
FMT_CONSTEXPR FMT_INLINE auto write(OutputIt out, T value,
                              ^
/src/fmt/include/fmt/format.h:2320:20: note: candidate function template not viable: requires 4 arguments, but 3 were provided
FMT_CONSTEXPR auto write(OutputIt out,
                   ^
/src/fmt/include/fmt/format.h:2326:20: note: candidate function template not viable: requires 4 arguments, but 3 were provided
FMT_CONSTEXPR auto write(OutputIt out, const Char* s, const format_specs& specs,
                   ^
1 error generated.
[4/15] Building CXX object test/fuzzing/CMakeFiles/named-arg-fuzzer.dir/named-arg.cc.o
[5/15] Building CXX object test/fuzzing/CMakeFiles/one-arg-fuzzer.dir/one-arg.cc.o
[6/15] Building CXX object test/fuzzing/CMakeFiles/two-args-fuzzer.dir/two-args.cc.o
[7/15] Building CXX object CMakeFiles/fmt.dir/src/format.cc.o
[8/15] Building CXX object test/fuzzing/CMakeFiles/chrono-duration-fuzzer.dir/chrono-duration.cc.o
ninja: build stopped: subcommand failed.
