---------------------------------------------------------------
Compiling libFuzzer to /usr/lib/libFuzzingEngine.a...  done.
---------------------------------------------------------------
CC=/usr/local/bin/clang-jcc
CXX=/usr/local/bin/clang++-jcc
CFLAGS=-O1 -fno-omit-frame-pointer -gline-tables-only -DFUZZING_BUILD_MODE_UNSAFE_FOR_PRODUCTION -fsanitize=address -fsanitize-address-use-after-scope -fsanitize=fuzzer-no-link
CXXFLAGS=-O1 -fno-omit-frame-pointer -gline-tables-only -DFUZZING_BUILD_MODE_UNSAFE_FOR_PRODUCTION -fsanitize=address -fsanitize-address-use-after-scope -fsanitize=fuzzer-no-link -stdlib=libc++
RUSTFLAGS=--cfg fuzzing -Zsanitizer=address -Cdebuginfo=1 -Cforce-frame-pointers
---------------------------------------------------------------
+ for branch in v5 next
+ cd capstonev5
+ mkdir build
+ cd build
+ cmake -DCAPSTONE_BUILD_SHARED=0 ..
-- The C compiler identification is Clang 15.0.0
-- The CXX compiler identification is Clang 15.0.0
-- Detecting C compiler ABI info
-- Detecting C compiler ABI info - done
-- Check for working C compiler: /usr/local/bin/clang-jcc - skipped
-- Detecting C compile features
-- Detecting C compile features - done
-- Detecting CXX compiler ABI info
-- Detecting CXX compiler ABI info - done
-- Check for working CXX compiler: /usr/local/bin/clang++-jcc - skipped
-- Detecting CXX compile features
-- Detecting CXX compile features - done
Enabling CAPSTONE_ARM_SUPPORT
Enabling CAPSTONE_ARM64_SUPPORT
Enabling CAPSTONE_M68K_SUPPORT
Enabling CAPSTONE_MIPS_SUPPORT
Enabling CAPSTONE_PPC_SUPPORT
Enabling CAPSTONE_SPARC_SUPPORT
Enabling CAPSTONE_SYSZ_SUPPORT
Enabling CAPSTONE_XCORE_SUPPORT
Enabling CAPSTONE_X86_SUPPORT
Enabling CAPSTONE_TMS320C64X_SUPPORT
Enabling CAPSTONE_M680X_SUPPORT
Enabling CAPSTONE_EVM_SUPPORT
Enabling CAPSTONE_MOS65XX_SUPPORT
Enabling CAPSTONE_WASM_SUPPORT
Enabling CAPSTONE_BPF_SUPPORT
Enabling CAPSTONE_RISCV_SUPPORT
Enabling CAPSTONE_SH_SUPPORT
Enabling CAPSTONE_TRICORE_SUPPORT
-- Configuring done
-- Generating done
CMake Warning:
  Manually-specified variables were not used by the project:

    CAPSTONE_BUILD_SHARED


-- Build files have been written to: /src/capstonev5/build
+ make
[  0%] Building C object CMakeFiles/capstone.dir/cs.c.o
[  1%] Building C object CMakeFiles/capstone.dir/Mapping.c.o
[  1%] Building C object CMakeFiles/capstone.dir/MCInst.c.o
[  2%] Building C object CMakeFiles/capstone.dir/MCInstrDesc.c.o
[  3%] Building C object CMakeFiles/capstone.dir/MCRegisterInfo.c.o
[  3%] Building C object CMakeFiles/capstone.dir/SStream.c.o
[  4%] Building C object CMakeFiles/capstone.dir/utils.c.o
[  5%] Building C object CMakeFiles/capstone.dir/arch/ARM/ARMDisassembler.c.o
[  5%] Building C object CMakeFiles/capstone.dir/arch/ARM/ARMInstPrinter.c.o
[  6%] Building C object CMakeFiles/capstone.dir/arch/ARM/ARMMapping.c.o
[  7%] Building C object CMakeFiles/capstone.dir/arch/ARM/ARMModule.c.o
[  7%] Building C object CMakeFiles/capstone.dir/arch/AArch64/AArch64BaseInfo.c.o
[  8%] Building C object CMakeFiles/capstone.dir/arch/AArch64/AArch64Disassembler.c.o
[  9%] Building C object CMakeFiles/capstone.dir/arch/AArch64/AArch64InstPrinter.c.o
[  9%] Building C object CMakeFiles/capstone.dir/arch/AArch64/AArch64Mapping.c.o
[ 10%] Building C object CMakeFiles/capstone.dir/arch/AArch64/AArch64Module.c.o
[ 11%] Building C object CMakeFiles/capstone.dir/arch/Mips/MipsDisassembler.c.o
[ 11%] Building C object CMakeFiles/capstone.dir/arch/Mips/MipsInstPrinter.c.o
[ 12%] Building C object CMakeFiles/capstone.dir/arch/Mips/MipsMapping.c.o
[ 13%] Building C object CMakeFiles/capstone.dir/arch/Mips/MipsModule.c.o
[ 13%] Building C object CMakeFiles/capstone.dir/arch/PowerPC/PPCDisassembler.c.o
[ 14%] Building C object CMakeFiles/capstone.dir/arch/PowerPC/PPCInstPrinter.c.o
[ 15%] Building C object CMakeFiles/capstone.dir/arch/PowerPC/PPCMapping.c.o
[ 15%] Building C object CMakeFiles/capstone.dir/arch/PowerPC/PPCModule.c.o
[ 16%] Building C object CMakeFiles/capstone.dir/arch/X86/X86Disassembler.c.o
[ 16%] Building C object CMakeFiles/capstone.dir/arch/X86/X86DisassemblerDecoder.c.o
[ 17%] Building C object CMakeFiles/capstone.dir/arch/X86/X86IntelInstPrinter.c.o
[ 18%] Building C object CMakeFiles/capstone.dir/arch/X86/X86InstPrinterCommon.c.o
[ 18%] Building C object CMakeFiles/capstone.dir/arch/X86/X86Mapping.c.o
[ 19%] Building C object CMakeFiles/capstone.dir/arch/X86/X86Module.c.o
[ 20%] Building C object CMakeFiles/capstone.dir/arch/X86/X86ATTInstPrinter.c.o
[ 20%] Building C object CMakeFiles/capstone.dir/arch/Sparc/SparcDisassembler.c.o
[ 21%] Building C object CMakeFiles/capstone.dir/arch/Sparc/SparcInstPrinter.c.o
[ 22%] Building C object CMakeFiles/capstone.dir/arch/Sparc/SparcMapping.c.o
[ 22%] Building C object CMakeFiles/capstone.dir/arch/Sparc/SparcModule.c.o
[ 23%] Building C object CMakeFiles/capstone.dir/arch/SystemZ/SystemZDisassembler.c.o
[ 24%] Building C object CMakeFiles/capstone.dir/arch/SystemZ/SystemZInstPrinter.c.o
[ 24%] Building C object CMakeFiles/capstone.dir/arch/SystemZ/SystemZMapping.c.o
[ 25%] Building C object CMakeFiles/capstone.dir/arch/SystemZ/SystemZModule.c.o
[ 26%] Building C object CMakeFiles/capstone.dir/arch/SystemZ/SystemZMCTargetDesc.c.o
[ 26%] Building C object CMakeFiles/capstone.dir/arch/XCore/XCoreDisassembler.c.o
[ 27%] Building C object CMakeFiles/capstone.dir/arch/XCore/XCoreInstPrinter.c.o
[ 28%] Building C object CMakeFiles/capstone.dir/arch/XCore/XCoreMapping.c.o
[ 28%] Building C object CMakeFiles/capstone.dir/arch/XCore/XCoreModule.c.o
[ 29%] Building C object CMakeFiles/capstone.dir/arch/M68K/M68KDisassembler.c.o
[ 30%] Building C object CMakeFiles/capstone.dir/arch/M68K/M68KInstPrinter.c.o
[ 30%] Building C object CMakeFiles/capstone.dir/arch/M68K/M68KModule.c.o
[ 31%] Building C object CMakeFiles/capstone.dir/arch/TMS320C64x/TMS320C64xDisassembler.c.o
[ 32%] Building C object CMakeFiles/capstone.dir/arch/TMS320C64x/TMS320C64xInstPrinter.c.o
[ 32%] Building C object CMakeFiles/capstone.dir/arch/TMS320C64x/TMS320C64xMapping.c.o
[ 33%] Building C object CMakeFiles/capstone.dir/arch/TMS320C64x/TMS320C64xModule.c.o
[ 33%] Building C object CMakeFiles/capstone.dir/arch/M680X/M680XDisassembler.c.o
[ 34%] Building C object CMakeFiles/capstone.dir/arch/M680X/M680XInstPrinter.c.o
[ 35%] Building C object CMakeFiles/capstone.dir/arch/M680X/M680XModule.c.o
[ 35%] Building C object CMakeFiles/capstone.dir/arch/EVM/EVMDisassembler.c.o
[ 36%] Building C object CMakeFiles/capstone.dir/arch/EVM/EVMInstPrinter.c.o
[ 37%] Building C object CMakeFiles/capstone.dir/arch/EVM/EVMMapping.c.o
[ 37%] Building C object CMakeFiles/capstone.dir/arch/EVM/EVMModule.c.o
[ 38%] Building C object CMakeFiles/capstone.dir/arch/WASM/WASMDisassembler.c.o
[ 39%] Building C object CMakeFiles/capstone.dir/arch/WASM/WASMInstPrinter.c.o
[ 39%] Building C object CMakeFiles/capstone.dir/arch/WASM/WASMMapping.c.o
[ 40%] Building C object CMakeFiles/capstone.dir/arch/WASM/WASMModule.c.o
[ 41%] Building C object CMakeFiles/capstone.dir/arch/MOS65XX/MOS65XXModule.c.o
[ 41%] Building C object CMakeFiles/capstone.dir/arch/MOS65XX/MOS65XXDisassembler.c.o
[ 42%] Building C object CMakeFiles/capstone.dir/arch/BPF/BPFDisassembler.c.o
[ 43%] Building C object CMakeFiles/capstone.dir/arch/BPF/BPFInstPrinter.c.o
[ 43%] Building C object CMakeFiles/capstone.dir/arch/BPF/BPFMapping.c.o
[ 44%] Building C object CMakeFiles/capstone.dir/arch/BPF/BPFModule.c.o
[ 45%] Building C object CMakeFiles/capstone.dir/arch/RISCV/RISCVDisassembler.c.o
[ 45%] Building C object CMakeFiles/capstone.dir/arch/RISCV/RISCVInstPrinter.c.o
[ 46%] Building C object CMakeFiles/capstone.dir/arch/RISCV/RISCVMapping.c.o
[ 47%] Building C object CMakeFiles/capstone.dir/arch/RISCV/RISCVModule.c.o
[ 47%] Building C object CMakeFiles/capstone.dir/arch/SH/SHDisassembler.c.o
[ 48%] Building C object CMakeFiles/capstone.dir/arch/SH/SHInstPrinter.c.o
[ 49%] Building C object CMakeFiles/capstone.dir/arch/SH/SHModule.c.o
[ 49%] Building C object CMakeFiles/capstone.dir/arch/TriCore/TriCoreDisassembler.c.o
[ 50%] Building C object CMakeFiles/capstone.dir/arch/TriCore/TriCoreInstPrinter.c.o
[ 50%] Building C object CMakeFiles/capstone.dir/arch/TriCore/TriCoreMapping.c.o
[ 51%] Building C object CMakeFiles/capstone.dir/arch/TriCore/TriCoreModule.c.o
[ 52%] Linking C static library libcapstone.a
[ 52%] Built target capstone
[ 53%] Building C object CMakeFiles/test_basic.dir/tests/test_basic.c.o
[ 53%] Linking C executable test_basic
[ 53%] Built target test_basic
[ 54%] Building C object CMakeFiles/test_detail.dir/tests/test_detail.c.o
[ 54%] Linking C executable test_detail
[ 54%] Built target test_detail
[ 55%] Building C object CMakeFiles/test_skipdata.dir/tests/test_skipdata.c.o
[ 55%] Linking C executable test_skipdata
[ 55%] Built target test_skipdata
[ 55%] Building C object CMakeFiles/test_iter.dir/tests/test_iter.c.o
[ 56%] Linking C executable test_iter
[ 56%] Built target test_iter
[ 57%] Building C object CMakeFiles/test_arm.dir/tests/test_arm.c.o
[ 57%] Linking C executable test_arm
[ 57%] Built target test_arm
[ 58%] Building C object CMakeFiles/test_arm64.dir/tests/test_arm64.c.o
[ 59%] Linking C executable test_arm64
[ 59%] Built target test_arm64
[ 59%] Building C object CMakeFiles/test_mips.dir/tests/test_mips.c.o
[ 60%] Linking C executable test_mips
[ 60%] Built target test_mips
[ 61%] Building C object CMakeFiles/test_ppc.dir/tests/test_ppc.c.o
[ 61%] Linking C executable test_ppc
[ 61%] Built target test_ppc
[ 62%] Building C object CMakeFiles/test_x86.dir/tests/test_x86.c.o
[ 62%] Linking C executable test_x86
[ 62%] Built target test_x86
[ 62%] Building C object CMakeFiles/test_customized_mnem.dir/tests/test_customized_mnem.c.o
[ 63%] Linking C executable test_customized_mnem
[ 63%] Built target test_customized_mnem
[ 64%] Building C object CMakeFiles/test_sparc.dir/tests/test_sparc.c.o
[ 65%] Linking C executable test_sparc
[ 65%] Built target test_sparc
[ 65%] Building C object CMakeFiles/test_systemz.dir/tests/test_systemz.c.o
[ 66%] Linking C executable test_systemz
[ 66%] Built target test_systemz
[ 67%] Building C object CMakeFiles/test_xcore.dir/tests/test_xcore.c.o
[ 68%] Linking C executable test_xcore
[ 68%] Built target test_xcore
[ 69%] Building C object CMakeFiles/test_m68k.dir/tests/test_m68k.c.o
[ 70%] Linking C executable test_m68k
[ 70%] Built target test_m68k
[ 71%] Building C object CMakeFiles/test_tms320c64x.dir/tests/test_tms320c64x.c.o
[ 71%] Linking C executable test_tms320c64x
[ 71%] Built target test_tms320c64x
[ 72%] Building C object CMakeFiles/test_m680x.dir/tests/test_m680x.c.o
[ 72%] Linking C executable test_m680x
[ 72%] Built target test_m680x
[ 73%] Building C object CMakeFiles/test_evm.dir/tests/test_evm.c.o
[ 74%] Linking C executable test_evm
[ 74%] Built target test_evm
[ 74%] Building C object CMakeFiles/test_wasm.dir/tests/test_wasm.c.o
[ 75%] Linking C executable test_wasm
[ 75%] Built target test_wasm
[ 75%] Building C object CMakeFiles/test_mos65xx.dir/tests/test_mos65xx.c.o
[ 76%] Linking C executable test_mos65xx
[ 76%] Built target test_mos65xx
[ 77%] Building C object CMakeFiles/test_bpf.dir/tests/test_bpf.c.o
[ 78%] Linking C executable test_bpf
[ 78%] Built target test_bpf
[ 79%] Building C object CMakeFiles/test_riscv.dir/tests/test_riscv.c.o
[ 80%] Linking C executable test_riscv
[ 80%] Built target test_riscv
[ 80%] Building C object CMakeFiles/test_sh.dir/tests/test_sh.c.o
[ 81%] Linking C executable test_sh
[ 81%] Built target test_sh
[ 82%] Building C object CMakeFiles/test_tricore.dir/tests/test_tricore.c.o
[ 83%] Linking C executable test_tricore
[ 83%] Built target test_tricore
[ 83%] Building C object CMakeFiles/test_arm_regression.dir/suite/arm/test_arm_regression.c.o
[ 84%] Linking C executable test_arm_regression
[ 84%] Built target test_arm_regression
[ 84%] Building C object CMakeFiles/fuzz_disasm.dir/suite/fuzz/onefile.c.o
[ 85%] Building C object CMakeFiles/fuzz_disasm.dir/suite/fuzz/fuzz_disasm.c.o
In file included from /src/capstonev5/suite/fuzz/fuzz_disasm.c:1:
/usr/local/lib/clang/15.0.0/include/fuzzer/FuzzedDataProvider.h:16:10: fatal error: 'algorithm' file not found
#include <algorithm>
         ^~~~~~~~~~~
1 error generated.

Fix failure
/src/capstonev5/suite/fuzz/fuzz_disasm.cpp:30:19: error: no matching constructor for initialization of 'llvm::MCContext'
  llvm::MCContext context;
                  ^
/usr/local/include/llvm/MC/MCContext.h:407:3: note: candidate constructor not viable: requires 1 argument, but 0 were provided
  MCContext(const MCContext &) = delete;
  ^
/usr/local/include/llvm/MC/MCContext.h:401:12: note: candidate constructor not viable: requires at least 4 arguments, but 0 were provided
  explicit MCContext(const Triple &TheTriple, const MCAsmInfo *MAI,
           ^
/src/capstonev5/suite/fuzz/fuzz_disasm.cpp:31:26: error: variable type 'llvm::MCObjectStreamer' is an abstract class
  llvm::MCObjectStreamer str(context);
                         ^
/usr/local/include/llvm/MC/MCStreamer.h:543:16: note: unimplemented pure virtual method 'emitSymbolAttribute' in 'MCObjectStreamer'
  virtual bool emitSymbolAttribute(MCSymbol *Symbol,
               ^
/usr/local/include/llvm/MC/MCStreamer.h:652:16: note: unimplemented pure virtual method 'emitCommonSymbol' in 'MCObjectStreamer'
  virtual void emitCommonSymbol(MCSymbol *Symbol, uint64_t Size,
               ^
/usr/local/include/llvm/MC/MCStreamer.h:670:16: note: unimplemented pure virtual method 'emitZerofill' in 'MCObjectStreamer'
  virtual void emitZerofill(MCSection *Section, MCSymbol *Symbol = nullptr,
               ^
/usr/local/include/llvm/MC/MCObjectStreamer.h:69:16: note: unimplemented pure virtual method 'emitInstToData' in 'MCObjectStreamer'
  virtual void emitInstToData(const MCInst &Inst, const MCSubtargetInfo&) = 0;
               ^
/src/capstonev5/suite/fuzz/fuzz_disasm.cpp:32:23: error: variable type 'llvm::MCInstPrinter' is an abstract class
  llvm::MCInstPrinter printer(nullptr, str);
                      ^
/usr/local/include/llvm/MC/MCInstPrinter.h:96:45: note: unimplemented pure virtual method 'getMnemonic' in 'MCInstPrinter'
  virtual std::pair<const char *, uint64_t> getMnemonic(const MCInst *MI) = 0;
                                            ^
/usr/local/include/llvm/MC/MCInstPrinter.h:105:16: note: unimplemented pure virtual method 'printInst' in 'MCInstPrinter'
  virtual void printInst(const MCInst *MI, uint64_t Address, StringRef Annot,
               ^
/src/capstonev5/suite/fuzz/fuzz_disasm.cpp:33:25: error: call to deleted constructor of 'llvm::MCSubtargetInfo'
  llvm::MCSubtargetInfo STI;
                        ^
/usr/local/include/llvm/MC/MCSubtargetInfo.h:103:3: note: 'MCSubtargetInfo' has been explicitly marked deleted here
  MCSubtargetInfo() = delete;
  ^
/src/capstonev5/suite/fuzz/fuzz_disasm.cpp:34:24: error: no matching constructor for initialization of 'llvm::MCRegisterInfo'
  llvm::MCRegisterInfo RI(STI);
                       ^  ~~~
/usr/local/include/llvm/MC/MCRegisterInfo.h:135:7: note: candidate constructor (the implicit copy constructor) not viable: no known conversion from 'llvm::MCSubtargetInfo' to 'const llvm::MCRegisterInfo' for 1st argument
class MCRegisterInfo {
      ^
/usr/local/include/llvm/MC/MCRegisterInfo.h:135:7: note: candidate constructor (the implicit move constructor) not viable: no known conversion from 'llvm::MCSubtargetInfo' to 'llvm::MCRegisterInfo' for 1st argument
/usr/local/include/llvm/MC/MCRegisterInfo.h:135:7: note: candidate constructor (the implicit default constructor) not viable: requires 0 arguments, but 1 was provided
/src/capstonev5/suite/fuzz/fuzz_disasm.cpp:35:21: error: variable type 'llvm::MCAsmParser' is an abstract class
  llvm::MCAsmParser parser(STI, RI);
                    ^
/usr/local/include/llvm/MC/MCParser/MCAsmParser.h:154:16: note: unimplemented pure virtual method 'addDirectiveHandler' in 'MCAsmParser'
  virtual void addDirectiveHandler(StringRef Directive,
               ^
/usr/local/include/llvm/MC/MCParser/MCAsmParser.h:157:16: note: unimplemented pure virtual method 'addAliasForDirective' in 'MCAsmParser'
  virtual void addAliasForDirective(StringRef Directive, StringRef Alias) = 0;
               ^
/usr/local/include/llvm/MC/MCParser/MCAsmParser.h:159:22: note: unimplemented pure virtual method 'getSourceManager' in 'MCAsmParser'
  virtual SourceMgr &getSourceManager() = 0;
                     ^
/usr/local/include/llvm/MC/MCParser/MCAsmParser.h:161:23: note: unimplemented pure virtual method 'getLexer' in 'MCAsmParser'
  virtual MCAsmLexer &getLexer() = 0;
                      ^
/usr/local/include/llvm/MC/MCParser/MCAsmParser.h:166:22: note: unimplemented pure virtual method 'getContext' in 'MCAsmParser'
  virtual MCContext &getContext() = 0;
                     ^
/usr/local/include/llvm/MC/MCParser/MCAsmParser.h:169:23: note: unimplemented pure virtual method 'getStreamer' in 'MCAsmParser'
  virtual MCStreamer &getStreamer() = 0;
                      ^
/usr/local/include/llvm/MC/MCParser/MCAsmParser.h:181:16: note: unimplemented pure virtual method 'Run' in 'MCAsmParser'
  virtual bool Run(bool NoInitialTextSection, bool NoFinalize = false) = 0;
               ^
/usr/local/include/llvm/MC/MCParser/MCAsmParser.h:183:16: note: unimplemented pure virtual method 'setParsingMSInlineAsm' in 'MCAsmParser'
  virtual void setParsingMSInlineAsm(bool V) = 0;
               ^
/usr/local/include/llvm/MC/MCParser/MCAsmParser.h:184:16: note: unimplemented pure virtual method 'isParsingMSInlineAsm' in 'MCAsmParser'
  virtual bool isParsingMSInlineAsm() = 0;
               ^
/usr/local/include/llvm/MC/MCParser/MCAsmParser.h:205:16: note: unimplemented pure virtual method 'parseMSInlineAsm' in 'MCAsmParser'
  virtual bool parseMSInlineAsm(
               ^
/usr/local/include/llvm/MC/MCParser/MCAsmParser.h:213:16: note: unimplemented pure virtual method 'Note' in 'MCAsmParser'
  virtual void Note(SMLoc L, const Twine &Msg, SMRange Range = None) = 0;
               ^
/usr/local/include/llvm/MC/MCParser/MCAsmParser.h:218:16: note: unimplemented pure virtual method 'Warning' in 'MCAsmParser'
  virtual bool Warning(SMLoc L, const Twine &Msg, SMRange Range = None) = 0;
               ^
/usr/local/include/llvm/MC/MCParser/MCAsmParser.h:231:16: note: unimplemented pure virtual method 'printError' in 'MCAsmParser'
  virtual bool printError(SMLoc L, const Twine &Msg, SMRange Range = None) = 0;
               ^
/usr/local/include/llvm/MC/MCParser/MCAsmParser.h:250:27: note: unimplemented pure virtual method 'Lex' in 'MCAsmParser'
  virtual const AsmToken &Lex() = 0;
                          ^
/usr/local/include/llvm/MC/MCParser/MCAsmParser.h:278:16: note: unimplemented pure virtual method 'parseIdentifier' in 'MCAsmParser'
  virtual bool parseIdentifier(StringRef &Res) = 0;
               ^
/usr/local/include/llvm/MC/MCParser/MCAsmParser.h:283:21: note: unimplemented pure virtual method 'parseStringToEndOfStatement' in 'MCAsmParser'
  virtual StringRef parseStringToEndOfStatement() = 0;
                    ^
/usr/local/include/llvm/MC/MCParser/MCAsmParser.h:287:16: note: unimplemented pure virtual method 'parseEscapedString' in 'MCAsmParser'
  virtual bool parseEscapedString(std::string &Data) = 0;
               ^
/usr/local/include/llvm/MC/MCParser/MCAsmParser.h:291:16: note: unimplemented pure virtual method 'parseAngleBracketString' in 'MCAsmParser'
  virtual bool parseAngleBracketString(std::string &Data) = 0;
               ^
/usr/local/include/llvm/MC/MCParser/MCAsmParser.h:294:16: note: unimplemented pure virtual method 'eatToEndOfStatement' in 'MCAsmParser'
  virtual void eatToEndOfStatement() = 0;
               ^
/usr/local/include/llvm/MC/MCParser/MCAsmParser.h:301:16: note: unimplemented pure virtual method 'parseExpression' in 'MCAsmParser'
  virtual bool parseExpression(const MCExpr *&Res, SMLoc &EndLoc) = 0;
               ^
/usr/local/include/llvm/MC/MCParser/MCAsmParser.h:309:16: note: unimplemented pure virtual method 'parsePrimaryExpr' in 'MCAsmParser'
  virtual bool parsePrimaryExpr(const MCExpr *&Res, SMLoc &EndLoc,
               ^
/usr/local/include/llvm/MC/MCParser/MCAsmParser.h:318:16: note: unimplemented pure virtual method 'parseParenExpression' in 'MCAsmParser'
  virtual bool parseParenExpression(const MCExpr *&Res, SMLoc &EndLoc) = 0;
               ^
/usr/local/include/llvm/MC/MCParser/MCAsmParser.h:325:16: note: unimplemented pure virtual method 'parseAbsoluteExpression' in 'MCAsmParser'
  virtual bool parseAbsoluteExpression(int64_t &Res) = 0;
               ^
/usr/local/include/llvm/MC/MCParser/MCAsmParser.h:330:16: note: unimplemented pure virtual method 'checkForValidSection' in 'MCAsmParser'
  virtual bool checkForValidSection() = 0;
               ^
/usr/local/include/llvm/MC/MCParser/MCAsmParser.h:340:16: note: unimplemented pure virtual method 'parseParenExprOfDepth' in 'MCAsmParser'
  virtual bool parseParenExprOfDepth(unsigned ParenDepth, const MCExpr *&Res,
               ^
6 errors generated.
make[2]: *** [CMakeFiles/fuzz_disasm.dir/build.make:90: CMakeFiles/fuzz_disasm.dir/suite/fuzz/fuzz_disasm.c.o] Error 1
make[1]: *** [CMakeFiles/Makefile2:786: CMakeFiles/fuzz_disasm.dir/all] Error 2
make: *** [Makefile:146: all] Error 2
