Given the following C++ program and its build error message, fix the code to achieve the original functionality.

If a function is missing, fix it by including the related libraries.

If the error contains "undefined reference to", this means one or more of the header <code>#include</code> directives need to be wrapped with <code>extern "C" {}</code> for the object linking to succeed. You must fix this by rewriting the relevant <code>#include</code> and wrapping it with <code>extern "C" {}</code>.

Below is the code needs to be built:
<code>
 #include <stdint.h>
#include <stdlib.h>
#include <stddef.h>
#include <string.h>

#include "b2nd.h"

#define ARRAY_SIZE(x) (sizeof(x) / sizeof((x)[0]))

#ifdef __cplusplus
extern "C" {
#endif

int LLVMFuzzerTestOneInput(const uint8_t *data, size_t size) {
  struct b2nd_context_s *ctx;
  struct b2nd_array_t.161 *a1, *a2;
  size_t *sz1, *sz2;
  int ret;

  ctx = b2nd_new_context();
  if (ctx == NULL) {
    return 0;
  }

  a1 = (struct b2nd_array_t.161 *)malloc(sizeof(struct b2nd_array_t.161));
  a2 = (struct b2nd_array_t.161 *)malloc(sizeof(struct b2nd_array_t.161));
  sz1 = (size_t *)malloc(sizeof(size_t));
  sz2 = (size_t *)malloc(sizeof(size_t));

  if (a1 == NULL || a2 == NULL || sz1 == NULL || sz2 == NULL) {
    free(ctx);
    return 0;
  }

  ret = b2nd_get_slice(ctx, &a1, a2, sz1, sz2);
  if (ret != 0) {
    free(ctx);
    free(a1);
    free(a2);
    free(sz1);
    free(sz2);
    return 0;
  }

  free(ctx);
  free(a1);
  free(a2);
  free(sz1);
  free(sz2);

  return 0;
}

#ifdef __cplusplus
}
#endif
</code>

The code has the following build issues:
<error>
/src/c-blosc2/tests/fuzz/fuzz_decompress_frame.c:16:22: error: expected identifier or '('
  struct b2nd_array_t.161 *a1, *a2;
                     ^
/src/c-blosc2/tests/fuzz/fuzz_decompress_frame.c:25:3: error: use of undeclared identifier 'a1'
  a1 = (struct b2nd_array_t.161 *)malloc(sizeof(struct b2nd_array_t.161));
  ^
/src/c-blosc2/tests/fuzz/fuzz_decompress_frame.c:25:28: error: expected ')'
  a1 = (struct b2nd_array_t.161 *)malloc(sizeof(struct b2nd_array_t.161));
                           ^
/src/c-blosc2/tests/fuzz/fuzz_decompress_frame.c:25:8: note: to match this '('
  a1 = (struct b2nd_array_t.161 *)malloc(sizeof(struct b2nd_array_t.161));
       ^
/src/c-blosc2/tests/fuzz/fuzz_decompress_frame.c:25:68: error: expected ')'
  a1 = (struct b2nd_array_t.161 *)malloc(sizeof(struct b2nd_array_t.161));
                                                                   ^
/src/c-blosc2/tests/fuzz/fuzz_decompress_frame.c:25:48: note: to match this '('
  a1 = (struct b2nd_array_t.161 *)malloc(sizeof(struct b2nd_array_t.161));
                                               ^
/src/c-blosc2/tests/fuzz/fuzz_decompress_frame.c:25:42: error: invalid application of 'sizeof' to an incomplete type 'struct b2nd_array_t'
  a1 = (struct b2nd_array_t.161 *)malloc(sizeof(struct b2nd_array_t.161));
                                         ^     ~~~~~~~~~~~~~~~~~~~~~~~~~
/src/c-blosc2/tests/fuzz/fuzz_decompress_frame.c:16:10: note: forward declaration of 'struct b2nd_array_t'
  struct b2nd_array_t.161 *a1, *a2;
         ^
/src/c-blosc2/tests/fuzz/fuzz_decompress_frame.c:26:3: error: use of undeclared identifier 'a2'
  a2 = (struct b2nd_array_t.161 *)malloc(sizeof(struct b2nd_array_t.161));
  ^
/src/c-blosc2/tests/fuzz/fuzz_decompress_frame.c:26:28: error: expected ')'
  a2 = (struct b2nd_array_t.161 *)malloc(sizeof(struct b2nd_array_t.161));
                           ^
/src/c-blosc2/tests/fuzz/fuzz_decompress_frame.c:26:8: note: to match this '('
  a2 = (struct b2nd_array_t.161 *)malloc(sizeof(struct b2nd_array_t.161));
       ^
/src/c-blosc2/tests/fuzz/fuzz_decompress_frame.c:26:68: error: expected ')'
  a2 = (struct b2nd_array_t.161 *)malloc(sizeof(struct b2nd_array_t.161));
                                                                   ^
/src/c-blosc2/tests/fuzz/fuzz_decompress_frame.c:26:48: note: to match this '('
  a2 = (struct b2nd_array_t.161 *)malloc(sizeof(struct b2nd_array_t.161));
                                               ^
/src/c-blosc2/tests/fuzz/fuzz_decompress_frame.c:26:42: error: invalid application of 'sizeof' to an incomplete type 'struct b2nd_array_t'
  a2 = (struct b2nd_array_t.161 *)malloc(sizeof(struct b2nd_array_t.161));
                                         ^     ~~~~~~~~~~~~~~~~~~~~~~~~~
/src/c-blosc2/tests/fuzz/fuzz_decompress_frame.c:16:10: note: forward declaration of 'struct b2nd_array_t'
  struct b2nd_array_t.161 *a1, *a2;
         ^
/src/c-blosc2/tests/fuzz/fuzz_decompress_frame.c:30:7: error: use of undeclared identifier 'a1'
  if (a1 == NULL || a2 == NULL || sz1 == NULL || sz2 == NULL) {
      ^
/src/c-blosc2/tests/fuzz/fuzz_decompress_frame.c:30:21: error: use of undeclared identifier 'a2'
  if (a1 == NULL || a2 == NULL || sz1 == NULL || sz2 == NULL) {
                    ^
/src/c-blosc2/tests/fuzz/fuzz_decompress_frame.c:35:30: error: use of undeclared identifier 'a1'
  ret = b2nd_get_slice(ctx, &a1, a2, sz1, sz2);
                             ^
/src/c-blosc2/tests/fuzz/fuzz_decompress_frame.c:35:34: error: use of undeclared identifier 'a2'
  ret = b2nd_get_slice(ctx, &a1, a2, sz1, sz2);
                                 ^
/src/c-blosc2/tests/fuzz/fuzz_decompress_frame.c:38:10: error: use of undeclared identifier 'a1'
    free(a1);
         ^
/src/c-blosc2/tests/fuzz/fuzz_decompress_frame.c:39:10: error: use of undeclared identifier 'a2'
    free(a2);
         ^
/src/c-blosc2/tests/fuzz/fuzz_decompress_frame.c:46:8: error: use of undeclared identifier 'a1'
  free(a1);
       ^
/src/c-blosc2/tests/fuzz/fuzz_decompress_frame.c:47:8: error: use of undeclared identifier 'a2'
  free(a2);
       ^
17 errors generated.
</error>

Fix code:
1. Consider the possible solution for the issues listed above.
2. Apply the solutions to the original code.
It's important to show the complete code, not only the fixed line.
<solution>
