Given the following C++ program and its build error message, fix the code to achieve the original functionality.

If a function is missing, fix it by including the related libraries.

If the error contains "undefined reference to", this means one or more of the header <code>#include</code> directives need to be wrapped with <code>extern "C" {}</code> for the object linking to succeed. You must fix this by rewriting the relevant <code>#include</code> and wrapping it with <code>extern "C" {}</code>.

Below is the code needs to be built:
<code>
 #include "grpc_transcoding/message_reader.h"

#include "test_common.h"

#include <fuzzer/FuzzedDataProvider.h>
#include <cstddef>
#include <cstdint>
#include <string>

namespace google {
namespace grpc {
namespace transcoding {
namespace testing {
namespace {

extern "C" int LLVMFuzzerTestOneInput(const uint8_t* data, size_t size) {
  FuzzedDataProvider provider(data, size);

  TestZeroCopyInputStream input_stream;
  MessageReader reader(&input_stream);

  std::string element_value;
  std::string element_path;
  while (provider.remaining_bytes() > 0) {
    // Add a few chucks of data to the input stream.
    for (int i = 0; i < provider.ConsumeIntegralInRange(0, 5); i++) {
      input_stream.AddChunk(provider.ConsumeRandomLengthString(100));
    }

    // Run the message reader to get the next message.
    (void)reader.NextMessageAndGrpcFrame();

    // Handle end of input or error due to malformed bytes.
    if (reader.Finished()) {
      return 0;
    }

    // Run the element tester.
    JsonArrayTester tester;
    tester.TestElement(&reader, &element_value, &element_path);
  }

  return 0;
}
}
}
}
}
}
</code>

The code has the following build issues:
<error>
test/message_reader_fuzz_test.cc:40:49: error: too many arguments to function call, expected 2, have 3
    tester.TestElement(&reader, &element_value, &element_path);
    ~~~~~~~~~~~~~~~~~~                          ^~~~~~~~~~~~~
test/test_common.h:130:8: note: 'TestElement' declared here
  bool TestElement(const std::string& expected, const std::string& actual);
       ^
1 error generated.
test/message_reader_fuzz_test.cc:40:49: error: too many arguments to function call, expected 2, have 3
    tester.TestElement(&reader, &element_value, &element_path);
    ~~~~~~~~~~~~~~~~~~                          ^~~~~~~~~~~~~
test/test_common.h:130:8: note: 'TestElement' declared here
  bool TestElement(const std::string& expected, const std::string& actual);
       ^
1 error generated.
</error>

Fix code:
1. Consider the possible solution for the issues listed above.
2. Apply the solutions to the original code.
It's important to show the complete code, not only the fixed line.
<solution>
