Given the following C++ program and its build error message, fix the code to achieve the original functionality.

If a function is missing, fix it by including the related libraries.

If the error contains "undefined reference to", this means one or more of the header <code>#include</code> directives need to be wrapped with <code>extern "C" {}</code> for the object linking to succeed. You must fix this by rewriting the relevant <code>#include</code> and wrapping it with <code>extern "C" {}</code>.

Below is the code needs to be built:
<code>
#include "grpc_transcoding/message_reader.h"

#include "test_common.h"

#include <fuzzer/FuzzedDataProvider.h>
#include <cstddef>
#include <cstdint>
#include <string>

namespace google {
namespace grpc {
namespace transcoding {
namespace testing {
namespace {

extern "C" int LLVMFuzzerTestOneInput(const uint8_t* data, size_t size) {
  FuzzedDataProvider provider(data, size);

  JsonArrayTester tester;
  std::string input;
  std::string output;

  while (provider.remaining_bytes() > 0) {
    // Add a few chucks of data to the input stream.
    for (int i = 0; i < provider.ConsumeIntegralInRange(0, 5); i++) {
      input.append(provider.ConsumeRandomLengthString(100));
    }

    // Run the message reader to get the next message.
    tester.TestChunk(input, &output);

    // Handle end of input or error due to malformed bytes.
    if (tester.Finished()) {
      return 0;
    }
  }

  return 0;
}
}
}
}
}
}
</code>

The code has the following build issues:
<error>
test/message_reader_fuzz_test.cc:30:36: error: too few arguments to function call, expected 3, have 2
    tester.TestChunk(input, &output);
    ~~~~~~~~~~~~~~~~               ^
test/test_common.h:137:8: note: 'TestChunk' declared here
  bool TestChunk(const std::string& expected, const std::string& actual,
       ^
test/message_reader_fuzz_test.cc:33:16: error: no member named 'Finished' in 'google::grpc::transcoding::testing::JsonArrayTester'
    if (tester.Finished()) {
        ~~~~~~ ^
2 errors generated.
test/message_reader_fuzz_test.cc:30:36: error: too few arguments to function call, expected 3, have 2
    tester.TestChunk(input, &output);
    ~~~~~~~~~~~~~~~~               ^
test/test_common.h:137:8: note: 'TestChunk' declared here
  bool TestChunk(const std::string& expected, const std::string& actual,
       ^
test/message_reader_fuzz_test.cc:33:16: error: no member named 'Finished' in 'google::grpc::transcoding::testing::JsonArrayTester'
    if (tester.Finished()) {
        ~~~~~~ ^
2 errors generated.
</error>

Fix code:
1. Consider the possible solution for the issues listed above.
2. Apply the solutions to the original code.
It's important to show the complete code, not only the fixed line.
<solution>
