---------------------------------------------------------------
Compiling libFuzzer to /usr/lib/libFuzzingEngine.a...  done.
---------------------------------------------------------------
CC=/usr/local/bin/clang-jcc
CXX=/usr/local/bin/clang++-jcc
CFLAGS=-O1 -fno-omit-frame-pointer -gline-tables-only -DFUZZING_BUILD_MODE_UNSAFE_FOR_PRODUCTION -fsanitize=address -fsanitize-address-use-after-scope -fsanitize=fuzzer-no-link
CXXFLAGS=-O1 -fno-omit-frame-pointer -gline-tables-only -DFUZZING_BUILD_MODE_UNSAFE_FOR_PRODUCTION -fsanitize=address -fsanitize-address-use-after-scope -fsanitize=fuzzer-no-link -stdlib=libc++
RUSTFLAGS=--cfg fuzzing -Zsanitizer=address -Cdebuginfo=1 -Cforce-frame-pointers
---------------------------------------------------------------
+ mkdir build
+ cd build
+ cmake .. -GNinja -DCMAKE_BUILD_TYPE=Debug -DCMAKE_CXX_STANDARD=14 -DFMT_DOC=Off -DFMT_TEST=Off -DFMT_SAFE_DURATION_CAST=On -DFMT_FUZZ=On -DFMT_FUZZ_LINKMAIN=Off -DFMT_FUZZ_LDFLAGS=-fsanitize=fuzzer
-- CMake version: 3.24.2
-- The CXX compiler identification is Clang 15.0.0
-- Detecting CXX compiler ABI info
-- Detecting CXX compiler ABI info - done
-- Check for working CXX compiler: /usr/local/bin/clang++-jcc - skipped
-- Detecting CXX compile features
-- Detecting CXX compile features - done
-- Version: 10.2.2
-- Build type: Debug
-- Performing Test HAS_NULLPTR_WARNING
-- Performing Test HAS_NULLPTR_WARNING - Success
-- Configuring done
-- Generating done
-- Build files have been written to: /src/fmt/build
+ cmake --build .
[1/15] Building CXX object test/fuzzing/CMakeFiles/float-fuzzer.dir/float.cc.o
[2/15] Building CXX object CMakeFiles/fmt.dir/src/os.cc.o
[3/15] Building CXX object test/fuzzing/CMakeFiles/chrono-timepoint-fuzzer.dir/chrono-timepoint.cc.o
FAILED: test/fuzzing/CMakeFiles/chrono-timepoint-fuzzer.dir/chrono-timepoint.cc.o 
/usr/local/bin/clang++-jcc -DFMT_FUZZ -DFMT_SAFE_DURATION_CAST -I/src/fmt/include -O1 -fno-omit-frame-pointer -gline-tables-only -DFUZZING_BUILD_MODE_UNSAFE_FOR_PRODUCTION -fsanitize=address -fsanitize-address-use-after-scope -fsanitize=fuzzer-no-link -stdlib=libc++ -g -fvisibility=hidden -fvisibility-inlines-hidden -MD -MT test/fuzzing/CMakeFiles/chrono-timepoint-fuzzer.dir/chrono-timepoint.cc.o -MF test/fuzzing/CMakeFiles/chrono-timepoint-fuzzer.dir/chrono-timepoint.cc.o.d -o test/fuzzing/CMakeFiles/chrono-timepoint-fuzzer.dir/chrono-timepoint.cc.o -c /src/fmt/test/fuzzing/chrono-timepoint.cc
/src/fmt/test/fuzzing/chrono-timepoint.cc:22:37: error: no viable conversion from 'std::vector<fmt::detail::value<fmt::format_context>>' (aka 'vector<value<fmt::context>>') to 'fmt::format_args' (aka 'basic_format_args<fmt::context>')
  fmt::vprintln(stderr, format_str, args);
                                    ^~~~
/src/fmt/include/fmt/base.h:1787:35: note: candidate constructor (the implicit copy constructor) not viable: no known conversion from 'std::vector<fmt::detail::value<fmt::format_context>>' (aka 'vector<value<fmt::context>>') to 'const fmt::basic_format_args<fmt::context> &' for 1st argument
template <typename Context> class basic_format_args {
                                  ^
/src/fmt/include/fmt/base.h:1787:35: note: candidate constructor (the implicit move constructor) not viable: no known conversion from 'std::vector<fmt::detail::value<fmt::format_context>>' (aka 'vector<value<fmt::context>>') to 'fmt::basic_format_args<fmt::context> &&' for 1st argument
/src/fmt/include/fmt/base.h:1849:13: note: candidate constructor not viable: no known conversion from 'std::vector<fmt::detail::value<fmt::format_context>>' (aka 'vector<value<fmt::context>>') to 'const dynamic_format_arg_store<fmt::context> &' for 1st argument
  constexpr basic_format_args(const dynamic_format_arg_store<Context>& store)
            ^
/src/fmt/include/fmt/base.h:1831:31: note: candidate template ignored: could not match 'format_arg_store' against 'vector'
  constexpr FMT_ALWAYS_INLINE basic_format_args(
                              ^
/src/fmt/include/fmt/base.h:1838:13: note: candidate template ignored: could not match 'format_arg_store' against 'vector'
  constexpr basic_format_args(
            ^
/src/fmt/include/fmt/base.h:2966:61: note: passing argument to parameter 'args' here
FMT_API void vprintln(FILE* f, string_view fmt, format_args args);
                                                            ^
In file included from /src/fmt/test/fuzzing/chrono-timepoint.cc:3:
In file included from /usr/local/bin/../include/c++/v1/string:525:
In file included from /usr/local/bin/../include/c++/v1/algorithm:684:
In file included from /usr/local/bin/../include/c++/v1/functional:506:
In file included from /usr/local/bin/../include/c++/v1/__functional/function.h:22:
In file included from /usr/local/bin/../include/c++/v1/__memory/shared_ptr.h:20:
/usr/local/bin/../include/c++/v1/__memory/allocator.h:151:28: error: call to constructor of 'fmt::detail::value<fmt::context>' is ambiguous
        ::new ((void*)__p) _Up(_VSTD::forward<_Args>(__args)...);
                           ^   ~~~~~~~~~~~~~~~~~~~~~~~~~~~~~
/usr/local/bin/../include/c++/v1/__memory/allocator_traits.h:290:13: note: in instantiation of function template specialization 'std::allocator<fmt::detail::value<fmt::context>>::construct<fmt::detail::value<fmt::context>, long>' requested here
        __a.construct(__p, _VSTD::forward<_Args>(__args)...);
            ^
/usr/local/bin/../include/c++/v1/vector:787:21: note: in instantiation of function template specialization 'std::allocator_traits<std::allocator<fmt::detail::value<fmt::context>>>::construct<fmt::detail::value<fmt::context>, long, void>' requested here
    __alloc_traits::construct(this->__alloc(), _VSTD::__to_address(__tx.__pos_),
                    ^
/usr/local/bin/../include/c++/v1/vector:1586:9: note: in instantiation of function template specialization 'std::vector<fmt::detail::value<fmt::context>>::__construct_one_at_end<long>' requested here
        __construct_one_at_end(_VSTD::forward<_Args>(__args)...);
        ^
/src/fmt/test/fuzzing/chrono-timepoint.cc:18:10: note: in instantiation of function template specialization 'std::vector<fmt::detail::value<fmt::context>>::emplace_back<long>' requested here
    args.emplace_back(fmt::detail::max_value<int64_t>());
         ^
/src/fmt/include/fmt/base.h:1309:31: note: candidate constructor
  constexpr FMT_ALWAYS_INLINE value(int val) : int_value(val) {}
                              ^
/src/fmt/include/fmt/base.h:1310:31: note: candidate constructor
  constexpr FMT_ALWAYS_INLINE value(unsigned val) : uint_value(val) {}
                              ^
/src/fmt/include/fmt/base.h:1311:31: note: candidate constructor
  constexpr FMT_ALWAYS_INLINE value(long long val) : long_long_value(val) {}
                              ^
/src/fmt/include/fmt/base.h:1312:31: note: candidate constructor
  constexpr FMT_ALWAYS_INLINE value(unsigned long long val)
                              ^
/src/fmt/include/fmt/base.h:1314:21: note: candidate constructor
  FMT_ALWAYS_INLINE value(int128_opt val) : int128_value(val) {}
                    ^
/src/fmt/include/fmt/base.h:1315:21: note: candidate constructor
  FMT_ALWAYS_INLINE value(uint128_opt val) : uint128_value(val) {}
                    ^
/src/fmt/include/fmt/base.h:1316:31: note: candidate constructor
  constexpr FMT_ALWAYS_INLINE value(float val) : float_value(val) {}
                              ^
/src/fmt/include/fmt/base.h:1317:31: note: candidate constructor
  constexpr FMT_ALWAYS_INLINE value(double val) : double_value(val) {}
                              ^
/src/fmt/include/fmt/base.h:1318:21: note: candidate constructor
  FMT_ALWAYS_INLINE value(long double val) : long_double_value(val) {}
                    ^
/src/fmt/include/fmt/base.h:1319:31: note: candidate constructor
  constexpr FMT_ALWAYS_INLINE value(bool val) : bool_value(val) {}
                              ^
/src/fmt/include/fmt/base.h:1320:31: note: candidate constructor
  constexpr FMT_ALWAYS_INLINE value(char_type val) : char_value(val) {}
                              ^
2 errors generated.
[4/15] Building CXX object test/fuzzing/CMakeFiles/named-arg-fuzzer.dir/named-arg.cc.o
[5/15] Building CXX object test/fuzzing/CMakeFiles/one-arg-fuzzer.dir/one-arg.cc.o
[6/15] Building CXX object test/fuzzing/CMakeFiles/two-args-fuzzer.dir/two-args.cc.o
[7/15] Building CXX object CMakeFiles/fmt.dir/src/format.cc.o
[8/15] Building CXX object test/fuzzing/CMakeFiles/chrono-duration-fuzzer.dir/chrono-duration.cc.o
ninja: build stopped: subcommand failed.
