---------------------------------------------------------------
Compiling libFuzzer to /usr/lib/libFuzzingEngine.a...  done.
---------------------------------------------------------------
CC=/usr/local/bin/clang-jcc
CXX=/usr/local/bin/clang++-jcc
CFLAGS=-O1 -fno-omit-frame-pointer -gline-tables-only -DFUZZING_BUILD_MODE_UNSAFE_FOR_PRODUCTION -fsanitize=address -fsanitize-address-use-after-scope -fsanitize=fuzzer-no-link
CXXFLAGS=-O1 -fno-omit-frame-pointer -gline-tables-only -DFUZZING_BUILD_MODE_UNSAFE_FOR_PRODUCTION -fsanitize=address -fsanitize-address-use-after-scope -fsanitize=fuzzer-no-link -stdlib=libc++
RUSTFLAGS=--cfg fuzzing -Zsanitizer=address -Cdebuginfo=1 -Cforce-frame-pointers
---------------------------------------------------------------
+ mkdir build
+ cd build
+ cmake .. -GNinja -DCMAKE_BUILD_TYPE=Debug -DCMAKE_CXX_STANDARD=14 -DFMT_DOC=Off -DFMT_TEST=Off -DFMT_SAFE_DURATION_CAST=On -DFMT_FUZZ=On -DFMT_FUZZ_LINKMAIN=Off -DFMT_FUZZ_LDFLAGS=-fsanitize=fuzzer
-- CMake version: 3.24.2
-- The CXX compiler identification is Clang 15.0.0
-- Detecting CXX compiler ABI info
-- Detecting CXX compiler ABI info - done
-- Check for working CXX compiler: /usr/local/bin/clang++-jcc - skipped
-- Detecting CXX compile features
-- Detecting CXX compile features - done
-- Version: 10.2.2
-- Build type: Debug
-- Performing Test HAS_NULLPTR_WARNING
-- Performing Test HAS_NULLPTR_WARNING - Success
-- Configuring done
-- Generating done
-- Build files have been written to: /src/fmt/build
+ cmake --build .
[1/15] Building CXX object test/fuzzing/CMakeFiles/float-fuzzer.dir/float.cc.o
[2/15] Building CXX object CMakeFiles/fmt.dir/src/os.cc.o
[3/15] Building CXX object test/fuzzing/CMakeFiles/chrono-timepoint-fuzzer.dir/chrono-timepoint.cc.o
FAILED: test/fuzzing/CMakeFiles/chrono-timepoint-fuzzer.dir/chrono-timepoint.cc.o 
/usr/local/bin/clang++-jcc -DFMT_FUZZ -DFMT_SAFE_DURATION_CAST -I/src/fmt/include -O1 -fno-omit-frame-pointer -gline-tables-only -DFUZZING_BUILD_MODE_UNSAFE_FOR_PRODUCTION -fsanitize=address -fsanitize-address-use-after-scope -fsanitize=fuzzer-no-link -stdlib=libc++ -g -fvisibility=hidden -fvisibility-inlines-hidden -MD -MT test/fuzzing/CMakeFiles/chrono-timepoint-fuzzer.dir/chrono-timepoint.cc.o -MF test/fuzzing/CMakeFiles/chrono-timepoint-fuzzer.dir/chrono-timepoint.cc.o.d -o test/fuzzing/CMakeFiles/chrono-timepoint-fuzzer.dir/chrono-timepoint.cc.o -c /src/fmt/test/fuzzing/chrono-timepoint.cc
/src/fmt/test/fuzzing/chrono-timepoint.cc:71:31: error: no viable conversion from 'const uint64_t' (aka 'const unsigned long') to 'fmt::format_args' (aka 'basic_format_args<fmt::context>')
  fmt::vprintln(stderr, "{}", value);
                              ^~~~~
/src/fmt/include/fmt/base.h:1787:35: note: candidate constructor (the implicit copy constructor) not viable: no known conversion from 'const uint64_t' (aka 'const unsigned long') to 'const fmt::basic_format_args<fmt::context> &' for 1st argument
template <typename Context> class basic_format_args {
                                  ^
/src/fmt/include/fmt/base.h:1787:35: note: candidate constructor (the implicit move constructor) not viable: no known conversion from 'const uint64_t' (aka 'const unsigned long') to 'fmt::basic_format_args<fmt::context> &&' for 1st argument
/src/fmt/include/fmt/base.h:1849:13: note: candidate constructor not viable: no known conversion from 'const uint64_t' (aka 'const unsigned long') to 'const dynamic_format_arg_store<fmt::context> &' for 1st argument
  constexpr basic_format_args(const dynamic_format_arg_store<Context>& store)
            ^
/src/fmt/include/fmt/base.h:1831:31: note: candidate template ignored: could not match 'const detail::format_arg_store<context, NUM_ARGS, NUM_NAMED_ARGS, DESC>' against 'const uint64_t' (aka 'const unsigned long')
  constexpr FMT_ALWAYS_INLINE basic_format_args(
                              ^
/src/fmt/include/fmt/base.h:1838:13: note: candidate template ignored: could not match 'const detail::format_arg_store<context, NUM_ARGS, NUM_NAMED_ARGS, DESC>' against 'const uint64_t' (aka 'const unsigned long')
  constexpr basic_format_args(
            ^
/src/fmt/include/fmt/base.h:2966:61: note: passing argument to parameter 'args' here
FMT_API void vprintln(FILE* f, string_view fmt, format_args args);
                                                            ^
1 error generated.
[4/15] Building CXX object test/fuzzing/CMakeFiles/named-arg-fuzzer.dir/named-arg.cc.o
[5/15] Building CXX object test/fuzzing/CMakeFiles/one-arg-fuzzer.dir/one-arg.cc.o
[6/15] Building CXX object test/fuzzing/CMakeFiles/two-args-fuzzer.dir/two-args.cc.o
[7/15] Building CXX object CMakeFiles/fmt.dir/src/format.cc.o
[8/15] Building CXX object test/fuzzing/CMakeFiles/chrono-duration-fuzzer.dir/chrono-duration.cc.o
ninja: build stopped: subcommand failed.
