---------------------------------------------------------------
Compiling libFuzzer to /usr/lib/libFuzzingEngine.a...  done.
---------------------------------------------------------------
CC=/usr/local/bin/clang-jcc
CXX=/usr/local/bin/clang++-jcc
CFLAGS=-O1 -fno-omit-frame-pointer -gline-tables-only -DFUZZING_BUILD_MODE_UNSAFE_FOR_PRODUCTION -fsanitize=address -fsanitize-address-use-after-scope -fsanitize=fuzzer-no-link
CXXFLAGS=-O1 -fno-omit-frame-pointer -gline-tables-only -DFUZZING_BUILD_MODE_UNSAFE_FOR_PRODUCTION -fsanitize=address -fsanitize-address-use-after-scope -fsanitize=fuzzer-no-link -stdlib=libc++
RUSTFLAGS=--cfg fuzzing -Zsanitizer=address -Cdebuginfo=1 -Cforce-frame-pointers
---------------------------------------------------------------
+ mkdir build
+ cd build
+ cmake .. -GNinja -DCMAKE_BUILD_TYPE=Debug -DCMAKE_CXX_STANDARD=14 -DFMT_DOC=Off -DFMT_TEST=Off -DFMT_SAFE_DURATION_CAST=On -DFMT_FUZZ=On -DFMT_FUZZ_LINKMAIN=Off -DFMT_FUZZ_LDFLAGS=-fsanitize=fuzzer
-- CMake version: 3.24.2
-- The CXX compiler identification is Clang 15.0.0
-- Detecting CXX compiler ABI info
-- Detecting CXX compiler ABI info - done
-- Check for working CXX compiler: /usr/local/bin/clang++-jcc - skipped
-- Detecting CXX compile features
-- Detecting CXX compile features - done
-- Version: 10.2.2
-- Build type: Debug
-- Performing Test HAS_NULLPTR_WARNING
-- Performing Test HAS_NULLPTR_WARNING - Success
-- Configuring done
-- Generating done
-- Build files have been written to: /src/fmt/build
+ cmake --build .
[1/15] Building CXX object test/fuzzing/CMakeFiles/float-fuzzer.dir/float.cc.o
[2/15] Building CXX object CMakeFiles/fmt.dir/src/os.cc.o
[3/15] Building CXX object test/fuzzing/CMakeFiles/chrono-timepoint-fuzzer.dir/chrono-timepoint.cc.o
FAILED: test/fuzzing/CMakeFiles/chrono-timepoint-fuzzer.dir/chrono-timepoint.cc.o 
/usr/local/bin/clang++-jcc -DFMT_FUZZ -DFMT_SAFE_DURATION_CAST -I/src/fmt/include -O1 -fno-omit-frame-pointer -gline-tables-only -DFUZZING_BUILD_MODE_UNSAFE_FOR_PRODUCTION -fsanitize=address -fsanitize-address-use-after-scope -fsanitize=fuzzer-no-link -stdlib=libc++ -g -fvisibility=hidden -fvisibility-inlines-hidden -MD -MT test/fuzzing/CMakeFiles/chrono-timepoint-fuzzer.dir/chrono-timepoint.cc.o -MF test/fuzzing/CMakeFiles/chrono-timepoint-fuzzer.dir/chrono-timepoint.cc.o.d -o test/fuzzing/CMakeFiles/chrono-timepoint-fuzzer.dir/chrono-timepoint.cc.o -c /src/fmt/test/fuzzing/chrono-timepoint.cc
/src/fmt/test/fuzzing/chrono-timepoint.cc:10:49: error: too many arguments to function call, expected 3, have 5
    fmt::vprintln(stderr, format_str.data(), 1, 0, &value);
    ~~~~~~~~~~~~~                               ^~~~~~~~~
/src/fmt/test/fuzzing/chrono-timepoint.cc:30:5: note: in instantiation of function template specialization 'invoke<bool>' requested here
    invoke<bool>(format_str, value);
    ^
/src/fmt/include/fmt/base.h:2966:14: note: 'vprintln' declared here
FMT_API void vprintln(FILE* f, string_view fmt, format_args args);
             ^
/src/fmt/test/fuzzing/chrono-timepoint.cc:10:49: error: too many arguments to function call, expected 3, have 5
    fmt::vprintln(stderr, format_str.data(), 1, 0, &value);
    ~~~~~~~~~~~~~                               ^~~~~~~~~
/src/fmt/test/fuzzing/chrono-timepoint.cc:33:5: note: in instantiation of function template specialization 'invoke<char>' requested here
    invoke<char>(format_str, value);
    ^
/src/fmt/include/fmt/base.h:2966:14: note: 'vprintln' declared here
FMT_API void vprintln(FILE* f, string_view fmt, format_args args);
             ^
/src/fmt/test/fuzzing/chrono-timepoint.cc:10:49: error: too many arguments to function call, expected 3, have 5
    fmt::vprintln(stderr, format_str.data(), 1, 0, &value);
    ~~~~~~~~~~~~~                               ^~~~~~~~~
/src/fmt/test/fuzzing/chrono-timepoint.cc:36:5: note: in instantiation of function template specialization 'invoke<signed char>' requested here
    invoke<signed char>(format_str, value);
    ^
/src/fmt/include/fmt/base.h:2966:14: note: 'vprintln' declared here
FMT_API void vprintln(FILE* f, string_view fmt, format_args args);
             ^
/src/fmt/test/fuzzing/chrono-timepoint.cc:10:49: error: too many arguments to function call, expected 3, have 5
    fmt::vprintln(stderr, format_str.data(), 1, 0, &value);
    ~~~~~~~~~~~~~                               ^~~~~~~~~
/src/fmt/test/fuzzing/chrono-timepoint.cc:39:5: note: in instantiation of function template specialization 'invoke<unsigned char>' requested here
    invoke<unsigned char>(format_str, value);
    ^
/src/fmt/include/fmt/base.h:2966:14: note: 'vprintln' declared here
FMT_API void vprintln(FILE* f, string_view fmt, format_args args);
             ^
/src/fmt/test/fuzzing/chrono-timepoint.cc:10:49: error: too many arguments to function call, expected 3, have 5
    fmt::vprintln(stderr, format_str.data(), 1, 0, &value);
    ~~~~~~~~~~~~~                               ^~~~~~~~~
/src/fmt/test/fuzzing/chrono-timepoint.cc:42:5: note: in instantiation of function template specialization 'invoke<short>' requested here
    invoke<short>(format_str, value);
    ^
/src/fmt/include/fmt/base.h:2966:14: note: 'vprintln' declared here
FMT_API void vprintln(FILE* f, string_view fmt, format_args args);
             ^
/src/fmt/test/fuzzing/chrono-timepoint.cc:10:49: error: too many arguments to function call, expected 3, have 5
    fmt::vprintln(stderr, format_str.data(), 1, 0, &value);
    ~~~~~~~~~~~~~                               ^~~~~~~~~
/src/fmt/test/fuzzing/chrono-timepoint.cc:45:5: note: in instantiation of function template specialization 'invoke<unsigned short>' requested here
    invoke<unsigned short>(format_str, value);
    ^
/src/fmt/include/fmt/base.h:2966:14: note: 'vprintln' declared here
FMT_API void vprintln(FILE* f, string_view fmt, format_args args);
             ^
/src/fmt/test/fuzzing/chrono-timepoint.cc:10:49: error: too many arguments to function call, expected 3, have 5
    fmt::vprintln(stderr, format_str.data(), 1, 0, &value);
    ~~~~~~~~~~~~~                               ^~~~~~~~~
/src/fmt/test/fuzzing/chrono-timepoint.cc:48:5: note: in instantiation of function template specialization 'invoke<int>' requested here
    invoke<int>(format_str, value);
    ^
/src/fmt/include/fmt/base.h:2966:14: note: 'vprintln' declared here
FMT_API void vprintln(FILE* f, string_view fmt, format_args args);
             ^
/src/fmt/test/fuzzing/chrono-timepoint.cc:10:49: error: too many arguments to function call, expected 3, have 5
    fmt::vprintln(stderr, format_str.data(), 1, 0, &value);
    ~~~~~~~~~~~~~                               ^~~~~~~~~
/src/fmt/test/fuzzing/chrono-timepoint.cc:51:5: note: in instantiation of function template specialization 'invoke<unsigned int>' requested here
    invoke<unsigned int>(format_str, value);
    ^
/src/fmt/include/fmt/base.h:2966:14: note: 'vprintln' declared here
FMT_API void vprintln(FILE* f, string_view fmt, format_args args);
             ^
/src/fmt/test/fuzzing/chrono-timepoint.cc:10:49: error: too many arguments to function call, expected 3, have 5
    fmt::vprintln(stderr, format_str.data(), 1, 0, &value);
    ~~~~~~~~~~~~~                               ^~~~~~~~~
/src/fmt/test/fuzzing/chrono-timepoint.cc:54:5: note: in instantiation of function template specialization 'invoke<long>' requested here
    invoke<long>(format_str, value);
    ^
/src/fmt/include/fmt/base.h:2966:14: note: 'vprintln' declared here
FMT_API void vprintln(FILE* f, string_view fmt, format_args args);
             ^
/src/fmt/test/fuzzing/chrono-timepoint.cc:10:49: error: too many arguments to function call, expected 3, have 5
    fmt::vprintln(stderr, format_str.data(), 1, 0, &value);
    ~~~~~~~~~~~~~                               ^~~~~~~~~
/src/fmt/test/fuzzing/chrono-timepoint.cc:57:5: note: in instantiation of function template specialization 'invoke<unsigned long>' requested here
    invoke<unsigned long>(format_str, value);
    ^
/src/fmt/include/fmt/base.h:2966:14: note: 'vprintln' declared here
FMT_API void vprintln(FILE* f, string_view fmt, format_args args);
             ^
/src/fmt/test/fuzzing/chrono-timepoint.cc:10:49: error: too many arguments to function call, expected 3, have 5
    fmt::vprintln(stderr, format_str.data(), 1, 0, &value);
    ~~~~~~~~~~~~~                               ^~~~~~~~~
/src/fmt/test/fuzzing/chrono-timepoint.cc:60:5: note: in instantiation of function template specialization 'invoke<float>' requested here
    invoke<float>(format_str, value);
    ^
/src/fmt/include/fmt/base.h:2966:14: note: 'vprintln' declared here
FMT_API void vprintln(FILE* f, string_view fmt, format_args args);
             ^
/src/fmt/test/fuzzing/chrono-timepoint.cc:10:49: error: too many arguments to function call, expected 3, have 5
    fmt::vprintln(stderr, format_str.data(), 1, 0, &value);
    ~~~~~~~~~~~~~                               ^~~~~~~~~
/src/fmt/test/fuzzing/chrono-timepoint.cc:63:5: note: in instantiation of function template specialization 'invoke<double>' requested here
    invoke<double>(format_str, value);
    ^
/src/fmt/include/fmt/base.h:2966:14: note: 'vprintln' declared here
FMT_API void vprintln(FILE* f, string_view fmt, format_args args);
             ^
/src/fmt/test/fuzzing/chrono-timepoint.cc:10:49: error: too many arguments to function call, expected 3, have 5
    fmt::vprintln(stderr, format_str.data(), 1, 0, &value);
    ~~~~~~~~~~~~~                               ^~~~~~~~~
/src/fmt/test/fuzzing/chrono-timepoint.cc:66:5: note: in instantiation of function template specialization 'invoke<long double>' requested here
    invoke<long double>(format_str, value);
    ^
/src/fmt/include/fmt/base.h:2966:14: note: 'vprintln' declared here
FMT_API void vprintln(FILE* f, string_view fmt, format_args args);
             ^
13 errors generated.
[4/15] Building CXX object test/fuzzing/CMakeFiles/named-arg-fuzzer.dir/named-arg.cc.o
[5/15] Building CXX object test/fuzzing/CMakeFiles/one-arg-fuzzer.dir/one-arg.cc.o
[6/15] Building CXX object test/fuzzing/CMakeFiles/two-args-fuzzer.dir/two-args.cc.o
[7/15] Building CXX object CMakeFiles/fmt.dir/src/format.cc.o
[8/15] Building CXX object test/fuzzing/CMakeFiles/chrono-duration-fuzzer.dir/chrono-duration.cc.o
ninja: build stopped: subcommand failed.
