Given the following C++ program and its build error message, fix the code to achieve the original functionality.

If a function is missing, fix it by including the related libraries.

If the error contains "undefined reference to", this means one or more of the header <code>#include</code> directives need to be wrapped with <code>extern "C" {}</code> for the object linking to succeed. You must fix this by rewriting the relevant <code>#include</code> and wrapping it with <code>extern "C" {}</code>.

Below is the code needs to be built:
<code>
#include <stddef.h>
#include <ares.h>

extern "C" {
#include "ares_setup.h"
#include <sys/time.h> // Include the definition of timeval
}

// Entrypoint for Clang's libfuzzer
int LLVMFuzzerTestOneInput(const unsigned char *data,
                           unsigned long size) {
  // Feed the data into each of the ares_parse_*_reply functions.
  ares_channel channel;
  int status = ares_init(&channel);
  if (status != ARES_SUCCESS) {
    return 0;
  }
  ares_getnameinfo(&channel, NULL, 0, 0, NULL, NULL);
  ares_destroy(&channel);
  return 0;
}
</code>

The code has the following build issues:
<error>
/src/c-ares/test/ares-test-fuzz-name.c:4:8: error: expected identifier or '('
extern "C" {
       ^
1 error generated.

Fix failure
In file included from /src/c-ares/test/ares-test-fuzz-name.cpp:5:
In file included from src/lib/ares_setup.h:243:
src/lib/setup_once.h:117:8: error: redefinition of 'timeval'
struct timeval {
       ^
/usr/include/x86_64-linux-gnu/bits/types/struct_timeval.h:8:8: note: previous definition is here
struct timeval
       ^
In file included from /src/c-ares/test/ares-test-fuzz-name.cpp:5:
In file included from src/lib/ares_setup.h:243:
src/lib/setup_once.h:179:1: error: unknown type name 'Error'
Error Missing_definition_of_macro_sread
^
src/lib/setup_once.h:179:40: error: expected ';' after top level declarator
Error Missing_definition_of_macro_sread
                                       ^
                                       ;
/src/c-ares/test/ares-test-fuzz-name.cpp:18:3: error: no matching function for call to 'ares_getnameinfo'
  ares_getnameinfo(&channel, NULL, 0, 0, NULL, NULL);
  ^~~~~~~~~~~~~~~~
include/ares.h:489:19: note: candidate function not viable: no known conversion from 'ares_channel *' (aka 'ares_channeldata **') to 'ares_channel_t *' (aka 'ares_channeldata *') for 1st argument; remove &
CARES_EXTERN void ares_getnameinfo(ares_channel_t        *channel,
                  ^
/src/c-ares/test/ares-test-fuzz-name.cpp:19:3: error: no matching function for call to 'ares_destroy'
  ares_destroy(&channel);
  ^~~~~~~~~~~~
include/ares.h:405:28: note: candidate function not viable: no known conversion from 'ares_channel *' (aka 'ares_channeldata **') to 'ares_channel_t *' (aka 'ares_channeldata *') for 1st argument; remove &
CARES_EXTERN void          ares_destroy(ares_channel_t *channel);
                           ^
5 errors generated.
</error>

Fix code:
1. Consider the possible solution for the issues listed above.
2. Apply the solutions to the original code.
It's important to show the complete code, not only the fixed line.
<solution>
