Given the following C++ program and its build error message, fix the code to achieve the original functionality.

If a function is missing, fix it by including the related libraries.

If the error contains "undefined reference to", this means one or more of the header <code>#include</code> directives need to be wrapped with <code>extern "C" {}</code> for the object linking to succeed. You must fix this by rewriting the relevant <code>#include</code> and wrapping it with <code>extern "C" {}</code>.

Below is the code needs to be built:
<code>
#include <stddef.h>

#include "ares.h"

extern "C" {
#include <ares_version.h>
}

// Entrypoint for Clang's libfuzzer
extern "C" int LLVMFuzzerTestOneInput(const unsigned char *data,
                           unsigned long size) {
  // Feed the data into each of the ares_parse_*_reply functions.
  ares_addrttl_callback callback = addr_callback;
  ares_parse_a_reply(data, size, NULL, NULL, NULL);
  ares_parse_aaaa_reply(data, size, NULL, NULL, NULL);
  ares_parse_ns_reply(data, size, NULL);
  ares_parse_srv_reply(data, size, NULL);
  ares_parse_mx_reply(data, size, NULL);
  ares_parse_txt_reply(data, size, NULL);
  ares_parse_soa_reply(data, size, NULL);
  ares_parse_naptr_reply(data, size, NULL);
  ares_parse_caa_reply(data, size, NULL);
  ares_parse_uri_reply(data, size, NULL);

  return 0;
}

void addr_callback(void *arg, int status, int timeouts,
                  struct hostent *host) {
  return;
}
</code>

The code has the following build issues:
<error>
/src/c-ares/test/ares-test-fuzz-name.c:5:8: error: expected identifier or '('
extern "C" {
       ^
/src/c-ares/test/ares-test-fuzz-name.c:10:8: error: expected identifier or '('
extern "C" int LLVMFuzzerTestOneInput(const unsigned char *data,
       ^
2 errors generated.

Fix failure
/src/c-ares/test/ares-test-fuzz-name.cpp:13:3: error: unknown type name 'ares_addrttl_callback'; did you mean 'ares_addrinfo_callback'?
  ares_addrttl_callback callback = addr_callback;
  ^~~~~~~~~~~~~~~~~~~~~
  ares_addrinfo_callback
include/ares.h:368:20: note: 'ares_addrinfo_callback' declared here
typedef void     (*ares_addrinfo_callback)(void *arg, int status, int timeouts,
                   ^
/src/c-ares/test/ares-test-fuzz-name.cpp:13:36: error: use of undeclared identifier 'addr_callback'
  ares_addrttl_callback callback = addr_callback;
                                   ^
2 errors generated.
</error>

Fix code:
1. Consider the possible solution for the issues listed above.
2. Apply the solutions to the original code.
It's important to show the complete code, not only the fixed line.
<solution>
