Given the following C++ program and its build error message, fix the code to achieve the original functionality.

If a function is missing, fix it by including the related libraries.

If the error contains "undefined reference to", this means one or more of the header <code>#include</code> directives need to be wrapped with <code>extern "C" {}</code> for the object linking to succeed. You must fix this by rewriting the relevant <code>#include</code> and wrapping it with <code>extern "C" {}</code>.

Below is the code needs to be built:
<code>
#include "test-util.h"
#include <kj/main.h>
#include "serialize.h"
#include <capnp/test.capnp.h>
#include <unistd.h>

extern "C" {
#include <capnp/dynamic.h>
}

/* This is the entry point of a fuzz target to be used with libFuzzer
 * or another fuzz driver.
 * Such a fuzz driver is used by the autotools target capnp-llvm-fuzzer-testcase
 * when the environment variable LIB_FUZZING_ENGINE is defined
 * for instance LIB_FUZZING_ENGINE=-fsanitize=fuzzer for libFuzzer
 */
extern "C" int LLVMFuzzerTestOneInput(const uint8_t* Data, size_t Size) {
  kj::ArrayPtr<const uint8_t> array(Data, Size);
  kj::ArrayInputStream ais(array);

  KJ_IF_MAYBE(e, kj::runCatchingExceptions([&]() {
    capnp::InputStreamMessageReader reader(ais);
    capnp::_::checkTestMessage(reader.getRoot<capnp::_::TestAllTypes>());
    capnp::DynamicStruct::Builder builder = capnp::DynamicStruct::Builder::initRoot<capnp::_::TestAllTypes>();
    capnp::_::checkDynamicTestMessage(builder.asReader());
    builder.adopt(
        builder.getSchema().getFields()[0],
        kj::heap<capnp::DynamicStruct>(builder.getSchema().getFields()[0].getType(), 0));
    kj::str(reader.getRoot<capnp::_::TestAllTypes>());
  })) {
    KJ_LOG(ERROR, "threw");
  }
  return 0;
}
</code>

The code has the following build issues:
<error>
src/capnp/llvm-fuzzer-testcase.c++:24:45: error: no template named 'initRoot' in 'capnp::DynamicStruct::Builder'; did you mean 'capnp::FlatMessageBuilder::initRoot'?
    capnp::DynamicStruct::Builder builder = capnp::DynamicStruct::Builder::initRoot<capnp::_::TestAllTypes>();
                                            ^~~~~~~~~~~~~~~~~~~~~~~~~~~~~~~~~~~~~~~
                                            capnp::FlatMessageBuilder::initRoot
./src/kj/common.h:1351:71: note: expanded from macro 'KJ_IF_MAYBE'
    if (KJ_DEPRECATE_KJ_IF_MAYBE_STMT; auto name = ::kj::_::readMaybe(exp))
                                                                      ^~~
src/capnp/message.h:460:51: note: 'capnp::FlatMessageBuilder::initRoot' declared here
inline typename RootType::Builder MessageBuilder::initRoot() {
                                                  ^
src/capnp/llvm-fuzzer-testcase.c++:24:45: error: no template named 'initRoot' in 'capnp::DynamicStruct::Builder'; did you mean 'capnp::FlatMessageBuilder::initRoot'?
    capnp::DynamicStruct::Builder builder = capnp::DynamicStruct::Builder::initRoot<capnp::_::TestAllTypes>();
                                            ^~~~~~~~~~~~~~~~~~~~~~~~~~~~~~~~~~~~~~~
                                            capnp::FlatMessageBuilder::initRoot
./src/kj/common.h:1351:71: note: expanded from macro 'KJ_IF_MAYBE'
    if (KJ_DEPRECATE_KJ_IF_MAYBE_STMT; auto name = ::kj::_::readMaybe(exp))
                                                                      ^~~
src/capnp/message.h:460:51: note: 'capnp::FlatMessageBuilder::initRoot' declared here
inline typename RootType::Builder MessageBuilder::initRoot() {
                                                  ^
src/capnp/llvm-fuzzer-testcase.c++:24:76: error: call to non-static member function without an object argument
    capnp::DynamicStruct::Builder builder = capnp::DynamicStruct::Builder::initRoot<capnp::_::TestAllTypes>();
                                            ~~~~~~~~~~~~~~~~~~~~~~~~~~~~~~~^~~~~~~~
./src/kj/common.h:1351:71: note: expanded from macro 'KJ_IF_MAYBE'
    if (KJ_DEPRECATE_KJ_IF_MAYBE_STMT; auto name = ::kj::_::readMaybe(exp))
                                                                      ^~~
src/capnp/llvm-fuzzer-testcase.c++:26:13: error: no matching member function for call to 'adopt'
    builder.adopt(
    ~~~~~~~~^~~~~
./src/kj/common.h:1351:71: note: expanded from macro 'KJ_IF_MAYBE'
    if (KJ_DEPRECATE_KJ_IF_MAYBE_STMT; auto name = ::kj::_::readMaybe(exp))
                                                                      ^~~
./src/capnp/dynamic.h:296:8: note: candidate function not viable: no known conversion from 'Own<capnp::DynamicStruct>' to 'Orphan<capnp::DynamicValue>' for 2nd argument
  void adopt(StructSchema::Field field, Orphan<DynamicValue>&& orphan);
       ^
./src/capnp/dynamic.h:311:8: note: candidate function not viable: no known conversion from 'capnp::StructSchema::Field' to 'kj::StringPtr' for 1st argument
  void adopt(kj::StringPtr name, Orphan<DynamicValue>&& orphan);
       ^
In file included from src/capnp/llvm-fuzzer-testcase.c++:1:
In file included from src/capnp/test-util.h:24:
In file included from ./src/capnp/test.capnp.h:6:
In file included from ./src/capnp/generated-header-support.h:26:
In file included from src/capnp/raw-schema.h:24:
In file included from src/capnp/common.h:29:
In file included from ./src/kj/string.h:25:
In file included from ./src/kj/array.h:24:
./src/kj/memory.h:597:21: error: no matching constructor for initialization of 'capnp::DynamicStruct'
  return Own<T>(new T(kj::fwd<Params>(params)...), _::HeapDisposer<T>::instance);
                    ^ ~~~~~~~~~~~~~~~~~~~~~~~
src/capnp/llvm-fuzzer-testcase.c++:28:13: note: in instantiation of function template specialization 'kj::heap<capnp::DynamicStruct, capnp::Type, int>' requested here
        kj::heap<capnp::DynamicStruct>(builder.getSchema().getFields()[0].getType(), 0));
            ^
./src/capnp/dynamic.h:77:8: note: candidate constructor (the implicit copy constructor) not viable: requires 1 argument, but 2 were provided
struct DynamicStruct {
       ^
./src/capnp/dynamic.h:77:8: note: candidate constructor (the implicit move constructor) not viable: requires 1 argument, but 2 were provided
./src/capnp/dynamic.h:78:3: note: candidate constructor not viable: requires 0 arguments, but 2 were provided
  DynamicStruct() = delete;
  ^
5 errors generated.
</error>

Fix code:
1. Consider the possible solution for the issues listed above.
2. Apply the solutions to the original code.
It's important to show the complete code, not only the fixed line.
<solution>
